MATLAB is selecting SOFTWARE OPENGL rendering.
Unrecognized MATLAB option "nodispay".

                            < M A T L A B (R) >
                  Copyright 1984-2015 The MathWorks, Inc.
                   R2015b (8.6.0.267246) 64-bit (glnxa64)
                              August 20, 2015

 
To get started, type one of these: helpwin, helpdesk, or demo.
For product information, visit www.mathworks.com.
 
>> >> >> >> >> >> >> >> >> >> >> >> >> >> >> >> >> >> >> >> >> >> >> >> >>      1

>>    606

        1590

   789

   0.260000000000000

     3.231500000000000e+02

   0.880342533793946

   0.031110941213574   0.999999999999197

   606

        1590

   789

   0.300000000000000

     3.331500000000000e+02

   0.876039114745176

   0.037188265576447   0.999999999999221

   606

        1590

   789

   0.350000000000000

     3.431500000000000e+02

   0.874536093869983

   0.043912367145506   0.999999999999246

   606

        2240

   288

   0.220000000000000

     3.131500000000000e+02

   0.243805582685457

   0.166362771809199   0.999999999999401

   606

        2290

   554

   0.260000000000000

   323

   0.723212884654135

   0.071964649989925   0.999999999999402

   606

        2290

   554

   0.270000000000000

   333

   0.699221408309863

   0.081210219756337   0.999999999999411

   606

        2622

   554

   0.270000000000000

     3.226000000000000e+02

   0.753639978185475

   0.066517205889922   0.999999999999416

   606

        2622

   554

   0.280000000000000

     3.431000000000000e+02

   0.701626477129460

   0.083544586403751   0.999999999999442

   606

        2622

   554

   0.300000000000000

     3.325000000000000e+02

   0.751361647918109

   0.074591505624567   0.999999999999424

   606

        2622

   554

   0.300000000000000

     3.428000000000000e+02

   0.722375567541155

   0.083287329737654   0.999999999999436

   606

        1975

   554

   0.310000000000000

     3.229000000000000e+02

   0.770994879736428

   0.070991587281707   0.999999999999347

   606

        2240

   472

   0.320000000000000

     3.031500000000000e+02

   0.931920511285567

   0.021785436388619   0.999999999999254

   606

        2240

   472

   0.330000000000000

     3.131500000000000e+02

   0.920661857410497

   0.026181587054536   0.999999999999270

   606

        4177

   554

   0.330000000000000

     3.231000000000000e+02

   0.882303445810750

   0.038839862882453   0.999999999999402

   606

        2240

   472

   0.340000000000000

     3.231500000000000e+02

   0.908628291703440

   0.031066380820831   0.999999999999292

   606

        2973

   624

   0.340000000000000

     3.231500000000000e+02

   0.928053186338983

   0.024461916644746   0.999999999999276

   606

        4177

   554

   0.341000000000000

     3.331500000000000e+02

   0.871450123662402

   0.043835507831121   0.999999999999410

   606

        1975

   554

   0.350000000000000

     3.431000000000000e+02

   0.739065218843982

   0.091327173404606   0.999999999999387

   606

        4177

   554

   0.351000000000000

     3.431500000000000e+02

   0.860352853960770

   0.049016148259770   0.999999999999413

   606

        1590

   288

   0.355000000000000

     3.131500000000000e+02

   0.698911677237728

   0.106886354580607   0.999999999999119

   606

        1590

        1748

   0.356000000000000

     3.225500000000000e+02

   0.571275537389089

   0.152625908689484   0.999999999999497

   606

        2240

   472

   0.360000000000000

     3.331500000000000e+02

   0.898785909246550

   0.036437072671242   0.999999999999307

   606

        1590

   554

   0.360000000000000

   333

   0.546283954640073

   0.163337776329574   0.999999999999414

   606

        2240

   472

   0.370000000000000

     3.431500000000000e+02

   0.885715021677080

   0.042285441979480   0.999999999999327

   606

        2973

   624

   0.370000000000000

     3.331500000000000e+02

   0.923054698143271

   0.028469761686990   0.999999999999297

   606

        2973

   624

   0.370000000000000

     3.431500000000000e+02

   0.911363803047584

   0.032795392872394   0.999999999999311

   606

        2186

   554

   0.370000000000000

     3.431500000000000e+02

   0.631542412275478

   0.136329307458073   0.999999999999485

   606

        2240

   472

   0.380000000000000

     3.531500000000000e+02

   0.872109839991610

   0.048598260803188   0.999999999999338

   606

        1590

   288

   0.383000000000000

     3.231500000000000e+02

   0.687986825034686

   0.119501046011715   0.999999999999148

   606

        2240

   472

   0.390000000000000

     3.631500000000000e+02

   0.858056841387813

   0.055357831858753   0.999999999999352

   606

        1590

   288

   0.415000000000000

     3.331500000000000e+02

   0.680523775601205

   0.132582633125500   0.999999999999178

   606

        2973

   554

   0.420000000000000

     3.231500000000000e+02

   0.865020597540053

   0.056691349033178   0.999999999999407

   606

        2973

   554

   0.430000000000000

     3.331500000000000e+02

   0.851439265498201

   0.063881115835774   0.999999999999417

   606

        1590

        1748

   0.436000000000000

     3.427500000000000e+02

   0.600181782085285

   0.174320743010816   0.999999999999512

   606

        3557

   554

   0.440000000000000

     3.231500000000000e+02

   0.831430491297296

   0.074170583829190   0.999999999999441

   606

        2186

   554

   0.440000000000000

     3.331500000000000e+02

   0.720933731006783

   0.122789158357015   0.999999999999465

   606

        1590

   288

   0.444000000000000

     3.431500000000000e+02

   0.670996683416348

   0.146077472563141   0.999999999999206

   606

        3557

   554

   0.460000000000000

     3.331500000000000e+02

   0.821424061843298

   0.082144931552083   0.999999999999450

   606

        1590

   472

   0.464000000000000

     3.031500000000000e+02

   0.952706374023574

   0.021944242453062   0.999999999999080

   606

        2240

        1369

   0.470000000000000

     3.431500000000000e+02

   0.806381115680739

   0.091000875630053   0.999999999999411

   606

        1232

   714

   0.471000000000000

     3.125500000000000e+02

   0.985880159146117

   0.006650445042179   0.999999999998752

   606

        1590

   288

   0.476000000000000

     3.531500000000000e+02

   0.664005625592629

   0.159933322217908   0.999999999999231

   606

        3557

   554

   0.480000000000000

     3.431500000000000e+02

   0.811936270259218

   0.090270590275575   0.999999999999457

   606

        2973

   554

   0.480000000000000

     3.431500000000000e+02

   0.851351722233591

   0.071351173327876   0.999999999999433

   606

        2240

        1369

   0.490000000000000

     3.531500000000000e+02

   0.797601132625127

   0.099175445013688   0.999999999999416

   606

        1590

   472

   0.491000000000000

     3.131500000000000e+02

   0.944793607931162

   0.027106338505800   0.999999999999107

   606

        1590

   288

   0.510000000000000

     3.631500000000000e+02

   0.658627946450222

   0.174099747310387   0.999999999999261

   606

        2102

   554

   0.510000000000000

     3.228500000000000e+02

   0.747607047626542

   0.128720405710464   0.999999999999467

   606

        2497

   554

   0.510000000000000

     3.228500000000000e+02

   0.775204184315290

   0.114645865999202   0.999999999999472

   606

        2240

        1369

   0.520000000000000

     3.631500000000000e+02

   0.793398636053014

   0.107432709252433   0.999999999999428

   606

        2186

   554

   0.520000000000000

     3.231500000000000e+02

   0.789175406158864

   0.109628788797391   0.999999999999446

   606

        1590

   472

   0.526000000000000

     3.231500000000000e+02

   0.937282902580101

   0.032989193242867   0.999999999999139

   606

        2102

   554

   0.530000000000000

     3.326500000000000e+02

   0.730827990322133

   0.142661165129270   0.999999999999482

   606

        1661

        1006

   0.536000000000000

     3.181500000000000e+02

   0.828883400441987

   0.091718497363095   0.999999999999408

   606

        1590

   554

   0.539000000000000

     3.626500000000000e+02

   0.583987078911262

   0.224230964466830   0.999999999999487

   606

        2240

        1369

   0.540000000000000

     3.731500000000000e+02

   0.785675664760786

   0.115735141029176   0.999999999999440

   606

        2102

   554

   0.540000000000000

     3.431500000000000e+02

   0.707623579456883

   0.157883267093283   0.999999999999494

   606

        1232

        1379

   0.540000000000000

     3.231500000000000e+02

   0.965211233300202

   0.018785934017891   0.999999999999145

   606

        1661

   624

   0.541000000000000

     3.181500000000000e+02

   0.947555996584174

   0.028372205847962   0.999999999999135

   606

        1661

        1006

   0.542000000000000

     3.231500000000000e+02

   0.820983334019762

   0.097027032961289   0.999999999999418

   606

        2497

   554

   0.550000000000000

     3.326500000000000e+02

   0.770078704560410

   0.126456712491774   0.999999999999484

   606

        1590

   472

   0.552000000000000

     3.331500000000000e+02

   0.928242868084362

   0.039609936817432   0.999999999999168

   606

        1661

   624

   0.558000000000000

     3.231500000000000e+02

   0.944365906074147

   0.031043824410626   0.999999999999153

   606

        2497

   554

   0.560000000000000

     3.431500000000000e+02

   0.751249449545446

   0.139300308254550   0.999999999999496

   606

        2022

   554

   0.570000000000000

     3.231500000000000e+02

   0.850446852552763

   0.085245294044925   0.999999999999385

   606

        1661

        1006

   0.574000000000000

     3.431500000000000e+02

   0.792828082048738

   0.118916680904024   0.999999999999454

   606

        1590

   472

   0.579000000000000

     3.431500000000000e+02

   0.918865871376612

   0.046976660472941   0.999999999999194

   606

        2186

   624

   0.580000000000000

     3.231500000000000e+02

   0.916865441443359

   0.048218043962852   0.999999999999333

   606

        2382

   554

   0.580000000000000

     3.531500000000000e+02

   0.845011114795108

   0.089893553418837   0.999999999999437

   606

        1661

        1006

   0.590000000000000

     3.531500000000000e+02

   0.779429308197835

   0.130136708163277   0.999999999999469

   606

        1661

        1006

   0.590000000000000

     3.331500000000000e+02

   0.817189691058628

   0.107858082275409   0.999999999999437

   606

        1661

   624

   0.591000000000000

     3.331500000000000e+02

   0.937727590852298

   0.036802993806292   0.999999999999183

   606

        1590

   472

   0.602000000000000

     3.531500000000000e+02

   0.908490641103330

   0.055088634055795   0.999999999999218

   606

        1823

   554

   0.610000000000000

     3.231500000000000e+02

   0.879808735751393

   0.073316671191650   0.999999999999314

   606

        2022

   554

   0.620000000000000

     3.331500000000000e+02

   0.844355519163315

   0.096499578118745   0.999999999999400

   606

        1590

   624

   0.623000000000000

     3.431500000000000e+02

   0.852525161645181

   0.091876824295052   0.999999999999327

   606

        2186

   624

   0.630000000000000

     3.331500000000000e+02

   0.911702385476184

   0.055627497150004   0.999999999999348

   606

        2022

   554

   0.630000000000000

     3.431500000000000e+02

   0.828211376910526

   0.108226832546369   0.999999999999420

   606

        1232

   472

   0.632000000000000

     3.181500000000000e+02

   0.963222690759517

   0.023243259439985   0.999999999998758

   606

        1590

   712

   0.640000000000000

     3.031500000000000e+02

   0.924388983647774

   0.048391050465424   0.999999999999180

   606

        1590

   472

   0.640000000000000

     3.631500000000000e+02

   0.900098852813239

   0.063936734199527   0.999999999999243

   606

        2382

   554

   0.640000000000000

     3.431500000000000e+02

   0.873487584712940

   0.080967945783718   0.999999999999428

   606

        1590

   712

   0.650000000000000

     3.131500000000000e+02

   0.912751607226796

   0.056711455302582   0.999999999999209

   606

        1823

   554

   0.650000000000000

     3.331500000000000e+02

   0.870954574960616

   0.083879526275600   0.999999999999334

   606

        1661

   554

   0.650000000000000

     3.431500000000000e+02

   0.853218960071245

   0.095407675953691   0.999999999999291

   606

        1232

   472

   0.651000000000000

     3.231500000000000e+02

   0.959991039684611

   0.026045833165318   0.999999999998777

   606

        1661

   624

   0.655000000000000

     3.531500000000000e+02

   0.923756481643941

   0.049939504523219   0.999999999999235

   606

        1232

        1006

   0.656000000000000

     3.181500000000000e+02

   0.681479938463577

   0.208949160367894   0.999999999999505

   606

        1590

        1781

   0.660000000000000

     3.128000000000000e+02

   0.437676478096147

   0.371133524456543   0.999999999999650

   606

        1471

   554

   0.660000000000000

     3.231500000000000e+02

   0.895298076584448

   0.069103269454264   0.999999999999077

   606

        1661

   554

   0.660000000000000

     3.231500000000000e+02

   0.890399466341731

   0.072336352214458   0.999999999999233

   606

        2337

   554

   0.660000000000000

     3.228500000000000e+02

   0.917019909992551

   0.054766859404916   0.999999999999368

   606

        1232

        1006

   0.665000000000000

     3.231500000000000e+02

   0.670174553289169

   0.219333922062703   0.999999999999516

   606

        1590

   712

   0.670000000000000

     3.231500000000000e+02

   0.901961024005712

   0.065686113916173   0.999999999999240

   606

        1232

   624

   0.670000000000000

     3.226500000000000e+02

   0.884650668889502

   0.077284051844033   0.999999999999106

   606

        1731

   554

   0.678000000000000

     3.226500000000000e+02

   0.792433460652764

   0.140730113677426   0.999999999999411

   606

        1590

   712

   0.680000000000000

     3.331500000000000e+02

   0.889300477986732

   0.075275674969022   0.999999999999265

   606

        2186

   624

   0.680000000000000

     3.431500000000000e+02

   0.906570387139080

   0.063532136745425   0.999999999999367

   606

        2382

   554

   0.680000000000000

     3.331500000000000e+02

   0.893618375738895

   0.072339504497551   0.999999999999413

   606

        1232

        1006

   0.682000000000000

     3.331500000000000e+02

   0.647840415194343

   0.240172836837458   0.999999999999534

   606

        1590

   554

   0.690000000000000

     3.033500000000000e+02

   0.841866228581292

   0.109112302278909   0.999999999999330

   606

        1655

   624

   0.690000000000000

     3.231500000000000e+02

   0.893050771119800

   0.073794967927338   0.999999999999297

   606

        1232

   554

   0.690000000000000

     3.131500000000000e+02

   0.801012378854763

   0.137301458590214   0.999999999999071

   606

        2337

   554

   0.690000000000000

     3.326500000000000e+02

   0.909829724092561

   0.062217490376133   0.999999999999380

   606

        1232

   472

   0.691000000000000

     3.331500000000000e+02

   0.953219275137823

   0.032325480879765   0.999999999998828

   606

        1232

        1006

   0.698000000000000

     3.431500000000000e+02

   0.626091487398394

   0.260988141795921   0.999999999999555

   606

        1590

        1781

   0.699000000000000

     3.328500000000000e+02

   0.458518521472984

   0.378495553490384   0.999999999999643

   606

        1590

   712

   0.700000000000000

     3.431500000000000e+02

   0.877949284833213

   0.085435500616751   0.999999999999282

   606

        2009

   554

   0.700000000000000

     3.131500000000000e+02

   0.909897252174006

   0.063071923478196   0.999999999999356

   606

        2009

   554

   0.700000000000000

     3.531500000000000e+02

   0.852929693972989

   0.102949214218908   0.999999999999425

   606

        1661

   554

   0.700000000000000

     3.331500000000000e+02

   0.880684501265089

   0.083520849114438   0.999999999999263

   606

        2337

   554

   0.700000000000000

     3.431500000000000e+02

   0.899136695739584

   0.070604312982291   0.999999999999400

   606

        1590

        1781

   0.707000000000000

     3.546500000000000e+02

   0.455357328087086

   0.385062369042431   0.999999999999648

   606

        1655

   554

   0.710000000000000

     3.231500000000000e+02

   0.787161852083685

   0.151115085020584   0.999999999999401

   606

        2009

   554

   0.710000000000000

     3.431500000000000e+02

   0.869943299082715

   0.092340257651273   0.999999999999409

   606

        1232

        1006

   0.714000000000000

     3.531500000000000e+02

   0.605527617406286

   0.281653281171912   0.999999999999572

   606

        1590

   712

   0.720000000000000

     3.531500000000000e+02

   0.866504182274714

   0.096116988762206   0.999999999999306

   606

        1590

   554

   0.720000000000000

     3.125500000000000e+02

   0.826374740064389

   0.125010187153640   0.999999999999364

   606

        1471

   554

   0.720000000000000

     3.331500000000000e+02

   0.887470236685490

   0.081021429586447   0.999999999999113

   606

        2009

   554

   0.720000000000000

     3.331500000000000e+02

   0.885948406080094

   0.082117147622332   0.999999999999392

   606

        1501

   554

   0.720000000000000

     3.326500000000000e+02

   0.720498275623869

   0.201241241550814   0.999999999999288

   606

        1731

   554

   0.728000000000000

     3.438500000000000e+02

   0.755358299933882

   0.178099157648134   0.999999999999454

   606

        1232

   472

   0.729000000000000

     3.431500000000000e+02

   0.945756526012558

   0.039543492536845   0.999999999998872

   606

        1590

   712

   0.730000000000000

     3.631500000000000e+02

   0.853056444641603

   0.107268795411630   0.999999999999327

   606

        1232

   624

   0.730000000000000

     3.328500000000000e+02

   0.874994388936170

   0.091254096076596   0.999999999999146

   606

        2009

   554

   0.730000000000000

     3.231500000000000e+02

   0.900902430244796

   0.072341225921299   0.999999999999375

   606

        1661

   554

   0.730000000000000

     3.431500000000000e+02

   0.869304553488095

   0.095407675953691   0.999999999999291

   606

        2009

   554

   0.740000000000000

     3.231500000000000e+02

   0.902241563081418

   0.072341243319751   0.999999999999373

   606

        1655

   624

   0.740000000000000

     3.331500000000000e+02

   0.885481607511473

   0.084743610441510   0.999999999999324

   606

        2009

   554

   0.740000000000000

     3.131500000000000e+02

   0.914767692425482

   0.063071907605144   0.999999999999362

   606

        1661

   554

   0.748000000000000

     3.136800000000000e+02

   0.916513194506406

   0.062448130509209   0.999999999999203

   606

        1655

   554

   0.750000000000000

     3.431500000000000e+02

   0.746658258219121

   0.190006306335659   0.999999999999450

   606

        2382

   554

   0.750000000000000

     3.231500000000000e+02

   0.914589568941808

   0.064057823293644   0.999999999999403

   606

        1501

   554

   0.750000000000000

     3.427500000000000e+02

   0.694453561995034

   0.229159828503725   0.999999999999327

   606

        1661

   554

   0.757000000000000

     3.230200000000000e+02

   0.904628956242905

   0.072195880124121   0.999999999999231

   606

        1731

   554

   0.759000000000000

     3.526500000000000e+02

   0.744171697065047

   0.194173681927629   0.999999999999472

   606

        1501

   554

   0.760000000000000

     3.531500000000000e+02

   0.659008766979958

   0.259153337095232   0.999999999999369

   606

        1661

   554

   0.766000000000000

     3.333800000000000e+02

   0.890617978015075

   0.083786628840452   0.999999999999262

   606

        1232

   472

   0.769000000000000

     3.531500000000000e+02

   0.937922585570530

   0.047737531696262   0.999999999998913

   606

        1590

   554

   0.770000000000000

     3.231500000000000e+02

   0.812457971437362

   0.144407361993231   0.999999999999394

   606

        1661

   554

   0.772000000000000

     3.437800000000000e+02

   0.875416396908873

   0.096178541586350   0.999999999999289

   606

        2186

   554

   0.780000000000000

     3.231500000000000e+02

   0.859450235494669

   0.109628816314158   0.999999999999452

   606

        2186

   554

   0.780000000000000

     3.331500000000000e+02

   0.842577964502585

   0.122789187687983   0.999999999999471

   606

        1655

   624

   0.780000000000000

     3.431500000000000e+02

   0.876486461454648

   0.096340560065374   0.999999999999345

   606

        1232

   624

   0.780000000000000

     3.431500000000000e+02

   0.863374135071275

   0.106568174644406   0.999999999999187

   606

        1471

   554

   0.780000000000000

     3.431500000000000e+02

   0.879635415616482

   0.093884375819144   0.999999999999150

   606

        1590

   554

   0.780000000000000

     3.631500000000000e+02

   0.711161314761699

   0.225294174485875   0.999999999999487

   606

        1590

   554

   0.790000000000000

     3.325500000000000e+02

   0.794359755064484

   0.162455793499058   0.999999999999412

   606

        1590

   554

   0.790000000000000

     3.225500000000000e+02

   0.818631561493724

   0.143281066419958   0.999999999999385

   606

        2186

   554

   0.790000000000000

     3.431500000000000e+02

   0.827431217165562

   0.136329338439206   0.999999999999483

   606

        1590

        1369

   0.790000000000000

     3.131500000000000e+02

   0.891893609746513

   0.085404048300254   0.999999999999396

   606

        1655

   554

   0.790000000000000

     3.331500000000000e+02

   0.784494539828853

   0.170249313535206   0.999999999999427

   606

        1590

   554

   0.790000000000000

     3.531500000000000e+02

   0.741499944589948

   0.204215043773941   0.999999999999465

   606

        1590

   554

   0.790000000000000

     3.431500000000000e+02

   0.767576489638094

   0.183614573185906   0.999999999999441

   606

        1590

   554

   0.790000000000000

     3.331500000000000e+02

   0.792870904498633

   0.163631985446080   0.999999999999413

   606

        2009

   554

   0.800000000000000

     3.331500000000000e+02

   0.897353541885970

   0.082117166491224   0.999999999999393

   606

        2382

   554

   0.820000000000000

     3.131500000000000e+02

   0.931498035646995

   0.056171610769464   0.999999999999386

   606

        1590

   571

   0.840000000000000

     3.031500000000000e+02

   0.875380402076907

   0.104680462255398   0.999999999999346

   606

        1388

   554

   0.858000000000000

   343

   0.890880770000735

   0.093624299339370   0.999999999999088

   606

        1232

   554

   0.862000000000000

   343

   0.750064179701239

   0.215444677097532   0.999999999999214

   606

        1232

   554

   0.869000000000000

   333

   0.784238676082105

   0.187496590484651   0.999999999999167

   606

        2009

   554

   0.870000000000000

     3.431500000000000e+02

   0.893861749519177

   0.092340277918316   0.999999999999406

   606

        1388

   554

   0.879000000000000

   333

   0.908622647836186

   0.080320692551992   0.999999999999049

   606

        1232

   554

   0.882000000000000

   323

   0.817147070893003

   0.161276283472371   0.999999999999120

   606

        1232

   554

   0.891000000000000

   313

   0.846294831394289

   0.136951305227689   0.999999999999065

   606

        1388

   554

   0.892000000000000

   323

   0.923686693856040

   0.068071469080412   0.999999999999012

   606

        1590

        1369

   0.900000000000000

     3.231500000000000e+02

   0.894331900978805

   0.095101289119075   0.999999999999417

   606

        1232

   554

   0.909000000000000

   313

   0.849338498099353

   0.136951305227689   0.999999999999065

   606

        1388

   571

   0.910000000000000

     3.131500000000000e+02

   0.937637548196194

   0.056749831141463   0.999999999999020

   606

        2009

   554

   0.930000000000000

     3.531500000000000e+02

   0.889301896992210

   0.102949235797244   0.999999999999424

   606

        1590

   811

   0.932000000000000

     3.031500000000000e+02

   0.915704428841117

   0.078563472320079   0.999999999999359

   606

        1523

   624

   0.940000000000000

     3.127500000000000e+02

   0.905985067695086

   0.088374036366619   0.999999999999034

   606

        1550

        1781

   0.942000000000000

     3.531500000000000e+02

   0.629262986022614

   0.349234267166697   0.999999999999634

   606

        1550

        1781

   0.954000000000000

     3.431500000000000e+02

   0.638699442997786

   0.344680731380112   0.999999999999633

   606

        1590

   571

   0.960000000000000

     3.231500000000000e+02

   0.855822555997841

   0.138410346242073   0.999999999999398

   606

        1550

        1781

   0.965000000000000

     3.331500000000000e+02

   0.647890163485194

   0.339785992236787   0.999999999999630

   606

        1550

        1781

   0.976000000000000

     3.231500000000000e+02

   0.657254584300869

   0.334519525722351   0.999999999999627

   606

        1197

   554

   0.980000000000000

     3.331500000000000e+02

   0.860259111983402

   0.136946070256266   0.999999999999079

   606

        1550

        1781

   0.985000000000000

     3.181500000000000e+02

   0.663211581669509

   0.331736592055533   0.999999999999626

   606

        1590

   571

   1.010000000000000

     3.331500000000000e+02

   0.844985097320754

   0.156565051706039   0.999999999999422

   606

        1197

   554

   1.010000000000000

     3.231500000000000e+02

   0.883817607692294

   0.117344216230783   0.999999999999029

   606

        1042

   554

   1.010000000000000

     3.124500000000000e+02

   0.852339365944099

   0.149137240396460   0.999999999998545

   606

        1523

   624

   1.020000000000000

     3.225500000000000e+02

   0.897512218622133

   0.104537537005425   0.999999999999092

   606

        1590

   811

   1.023000000000000

     3.131500000000000e+02

   0.911956350231325

   0.090068653713354   0.999999999999381

   606

        1197

   554

   1.030000000000000

     3.131500000000000e+02

   0.903575724104953

   0.099317004171899   0.999999999998978

   606

        1590

        1369

   1.040000000000000

     3.331500000000000e+02

   0.898994379655547

   0.105045845158231   0.999999999999431

   606

        1042

   554

   1.040000000000000

     3.231500000000000e+02

   0.824307424472093

   0.182720278549023   0.999999999998618

   606

        1197

   554

   1.050000000000000

     3.031500000000000e+02

   0.921016484748262

   0.082932691014325   0.999999999998924

   606

        1042

   554

   1.060000000000000

     3.327000000000000e+02

   0.796292446661509

   0.215930006538800   0.999999999998679

   606

        1655

   554

   1.070000000000000

     3.231500000000000e+02

   0.858770905154101

   0.151115131485112   0.999999999999398

   606

        1590

   811

   1.077000000000000

     3.231500000000000e+02

   0.905133392043093

   0.102171336769589   0.999999999999404

   606

        1948

   554

   1.080000000000000

     3.231500000000000e+02

   0.739424875043305

   0.281421134953231   0.999999999999323

   606

        2382

   554

   1.084000000000000

     3.131500000000000e+02

   0.948181159366100

   0.056171623247148   0.999999999999385

   606

        2382

   554

   1.092000000000000

     3.231500000000000e+02

   0.941338977173514

   0.064057836926522   0.999999999999404

   606

        2382

   554

   1.096000000000000

     3.331500000000000e+02

   0.933996789012189

   0.072339519242641   0.999999999999414

   606

        1590

   554

   1.099000000000000

     3.031500000000000e+02

   0.901021698692560

   0.108777153136877   0.999999999999331

   606

        1590

   571

   1.100000000000000

     3.431500000000000e+02

   0.840536145215228

   0.175410240263249   0.999999999999451

   606

        2382

   554

   1.102000000000000

     3.431500000000000e+02

   0.926526350647801

   0.080967961586123   0.999999999999427

   606

        1590

   811

   1.103000000000000

     3.331500000000000e+02

   0.895924391464050

   0.114795396215153   0.999999999999418

   606

        2382

   554

   1.106000000000000

     3.531500000000000e+02

   0.918721907582470

   0.089893570213788   0.999999999999437

   606

        1523

   624

   1.110000000000000

     3.325500000000000e+02

   0.889706476529747

   0.122425811051981   0.999999999999151

   606

        1232

   554

   1.123000000000000

     3.031500000000000e+02

   0.897613922197326

   0.114979565372403   0.999999999999016

   606

        1590

   571

   1.130000000000000

     3.531500000000000e+02

   0.827596121998004

   0.194816382142256   0.999999999999469

   606

        1590

   811

   1.132000000000000

     3.431500000000000e+02

   0.887046521983235

   0.127863337114977   0.999999999999433

   606

        1590

   554

   1.148000000000000

     3.131500000000000e+02

   0.890175509190074

   0.126078515449795   0.999999999999361

   606

        1655

   554

   1.160000000000000

     3.331500000000000e+02

   0.853233307756413

   0.170249363002561   0.999999999999427

   606

        1232

   554

   1.161000000000000

     3.131500000000000e+02

   0.881738569908806

   0.137301520335876   0.999999999999068

   606

        1590

   811

   1.174000000000000

     3.531500000000000e+02

   0.879644012453118

   0.141297929380039   0.999999999999450

   606

        1948

   554

   1.180000000000000

     3.331500000000000e+02

   0.727039569422166

   0.322093308081844   0.999999999999372

   606

        1655

   554

   1.190000000000000

     3.431500000000000e+02

   0.840330791173943

   0.190006358503008   0.999999999999454

   606

        1590

   554

   1.197000000000000

     3.231500000000000e+02

   0.879358889269873

   0.144407409543962   0.999999999999387

   606

        1590

   811

   1.200000000000000

     3.631500000000000e+02

   0.870813696547127

   0.155023564143448   0.999999999999466

   606

        1232

   554

   1.206000000000000

     3.231500000000000e+02

   0.865956847403125

   0.161656042031831   0.999999999999119

   606

        1660

   554

   1.210000000000000

     3.225500000000000e+02

   0.860581627331722

   0.168696230928616   0.999999999999366

   606

        1590

   554

   1.236000000000000

     3.331500000000000e+02

   0.867611620993504

   0.163632036452029   0.999999999999416

   606

        1660

   554

   1.250000000000000

     3.325500000000000e+02

   0.846775142333135

   0.191531072083581   0.999999999999397

   606

        1660

   554

   1.250000000000000

     3.428500000000000e+02

   0.827206583236251

   0.215991770954687   0.999999999999427

   606

        1232

   554

   1.255000000000000

     3.331500000000000e+02

   0.850276036353390

   0.187903574376496   0.999999999999166

   606

        1948

   554

   1.280000000000000

     3.431500000000000e+02

   0.715267651002448

   0.364457406716867   0.999999999999415

   606

        1590

   554

   1.281000000000000

     3.431500000000000e+02

   0.856663054361304

   0.183614627363170   0.999999999999439

   606

        1948

   811

   1.300000000000000

     3.231500000000000e+02

   0.820840911189189

   0.232906815454054   0.999999999999533

   606

        1232

   554

   1.319000000000000

     3.431500000000000e+02

   0.836333444076040

   0.215876187263703   0.999999999999215

   606

        1660

        1748

   1.360000000000000

     3.531500000000000e+02

   0.855900983186906

   0.195974662865808   0.999999999999542

   606

        1232

   554

   1.360000000000000

     3.531500000000000e+02

   0.819570822665500

   0.245383681174921   0.999999999999262

   606

        1232

   554

   1.385000000000000

     3.631500000000000e+02

   0.800563413223977

   0.276219672684793   0.999999999999304

   606

        1660

        1748

   1.390000000000000

     3.431500000000000e+02

   0.866640551935073

   0.185369632810249   0.999999999999531

   606

        1660

        1748

   1.430000000000000

     3.331500000000000e+02

   0.877975441525355

   0.174495118618742   0.999999999999523

   606

        1660

        1369

   1.450000000000000

   353

   0.899761297726486

   0.145346118296595   0.999999999999499

   606

        1948

   811

   1.460000000000000

     3.331500000000000e+02

   0.823499414210874

   0.257690855252124   0.999999999999554

   606

        1660

        1748

   1.470000000000000

     3.231500000000000e+02

   0.888853747005117

   0.163384991902479   0.999999999999518

   606

        1660

        1748

   1.490000000000000

     3.181500000000000e+02

   0.894124688065623

   0.157754214782222   0.999999999999513

   606

        1660

        1369

   1.540000000000000

   343

   0.912864734756520

   0.134188308474960   0.999999999999481

>> >> >> >> >> >> >> >> >> >> >> 