MATLAB is selecting SOFTWARE OPENGL rendering.

                            < M A T L A B (R) >
                  Copyright 1984-2015 The MathWorks, Inc.
                   R2015b (8.6.0.267246) 64-bit (glnxa64)
                              August 20, 2015

 
To get started, type one of these: helpwin, helpdesk, or demo.
For product information, visit www.mathworks.com.
 
>> >> >> >> >> >> >> >> >> >> >> >> Optimizing! PLEASE WAIT>>>>>>>>>>>>>>>
>>    1.0e+03 *

    9.3925    3.6318

 
 Iteration   Func-count     min f(x)         Procedure
     0            1          120.866         
   1.0e+03 *

   9.862132350000000   3.631760000000000

   1.0e+03 *

   9.392507000000000   3.813348000000000

     1            3          120.864         initial simplex
   1.0e+03 *

   8.922881649999999   3.813348000000000

   1.0e+03 *

   8.453256300000001   3.904142000000000

     2            5          102.102         expand
   1.0e+03 *

   8.453256300000000   4.085730000000000

   1.0e+03 *

   7.983630949999998   4.312715000000000

     3            7          92.9414         expand
   1.0e+03 *

   7.044380250000001   4.403509000000000

   1.0e+03 *

   5.870316875000000   4.698589499999999

     4            9          67.6957         expand
   1.0e+03 *

   5.400691524999998   5.107162499999998

   1.0e+03 *

   3.874409137499999   5.708672749999998

     5           11          66.8965         reflect
   1.0e+03 *

   3.287377450000000   5.493036999999997

   1.0e+03 *

   4.461440824999999   5.197956499999997

     6           13          66.8965         contract outside
   1.0e+03 *

   6.809567574999999   4.607795499999999

   1.0e+03 *

   5.048472512499999   5.050416249999999

     7           15          66.8965         contract inside
   1.0e+03 *

   4.578847162499998   5.458989249999997

   1.0e+03 *

   5.547449446875000   4.888689437499999

     8           17          66.8965         contract inside
   1.0e+03 *

   4.901714590624999   5.268889312499998

   1.0e+03 *

   5.386015732812500   4.983739406249999

     9           19          66.8816         contract inside
   1.0e+03 *

   5.738234745312497   5.040485656249999

   1.0e+03 *

   5.220913070703124   5.047933601562499

    10           21          66.8003         contract inside
   1.0e+03 *

   5.206237278515625   4.924510507812498

    11           22          66.8003         reflect
   1.0e+03 *

   5.041134616406250   4.988704703124997

   1.0e+03 *

   5.299795453710937   4.984980730468748

    12           24          66.8003         contract inside
   1.0e+03 *

   5.127354895507812   4.987463378906248

   1.0e+03 *

   5.256685314160156   4.985601392578123

    13           26          66.8003         contract inside
   1.0e+03 *

   5.271361106347653   5.109024486328122

   1.0e+03 *

   5.222518235473633   4.970639002441404

    14           28          66.7999         contract inside
   1.0e+03 *

   5.186745992016601   5.032971211425780

   1.0e+03 *

   5.239200483624267   4.997443847290037

    15           30          66.7988         contract inside
   1.0e+03 *

   5.240805648394775   4.920149248168941

   1.0e+03 *

   5.250751937240601   4.856257071472163

    16           32          66.7986         reflect
   1.0e+03 *

   5.257487896545409   4.946954093017575

   1.0e+03 *

   5.231260650741577   4.964717775085446

    17           34          66.7986         contract inside
   1.0e+03 *

   5.232865815512085   4.887423175964352

   1.0e+03 *

   5.229698481455995   4.832412840301509

    18           36          66.7984         reflect
   1.0e+03 *

   5.242410813165283   4.842854649047847

   1.0e+03 *

   5.247985894377136   4.781923086029048

    19           38          66.7982         expand
   1.0e+03 *

   5.240046061494446   4.749197013824459

   1.0e+03 *

   5.239666268044282   4.663720896652218

    20           40          66.7978         expand
   1.0e+03 *

   5.254786346909333   4.558220806716914

   1.0e+03 *

   5.238345948361397   4.805122583652492

    21           42          66.7978         contract inside
   1.0e+03 *

   5.249306214060021   4.640521399028774

   1.0e+03 *

   5.254786346909333   4.558220806716916

    22           44          66.7978         reflect
   1.0e+03 *

   5.240986587727168   4.522319209651943

   1.0e+03 *

   5.237486934402183   4.392517271463392

    23           46          66.7969         expand
   1.0e+03 *

   5.247126880417921   4.369317773839948

   1.0e+03 *

   5.250857186604742   4.222116212433813

    24           48          66.7968         expand
   1.0e+03 *

   5.239037906946904   3.974112084868431

   1.0e+03 *

   5.233903753390345   3.640907427788261

    25           50          66.7937         expand
   1.0e+03 *

   5.247274005592905   3.470506368758683

   1.0e+03 *

   5.252167541188264   3.009500917406327

    26           52          66.7908         expand
   1.0e+03 *

   5.235214107973866   2.428292132760775

   1.0e+03 *

   5.227392568658430   1.531380092924255

    27           54          66.7759         expand
   1.0e+03 *

   5.245656356456349   0.899973582542321

   1.0e+03 *

   5.251532657989352  -0.470493340080649

    28           56          66.7684         reflect
   1.0e+03 *

   5.220881383926515  -0.578147241939751

   1.0e+03 *

   5.244346001872827   2.112588877569808

    29           58          66.7684         contract inside
   1.0e+03 *

   5.228702923241952   0.318764797896769

    30           59          66.7684         reflect
   1.0e+03 *

   5.246966711039871  -0.312641712485165

   1.0e+03 *

   5.232286104253790   1.070374641571900

    31           61          66.7684         contract inside
   1.0e+03 *

   5.242073175444512   0.148363738867190

   1.0e+03 *

   5.234732872051470   0.839871915895723

    32           63           66.768         contract inside
   1.0e+03 *

   5.251686305265868   1.421080700541275

   1.0e+03 *

   5.234448768747931   0.594343773557895

    33           65           66.767         contract inside
   1.0e+03 *

   5.223525284343052   0.534242106911297

   1.0e+03 *

   5.229058052371376   0.625674975819053

    34           67           66.767         contract outside
   1.0e+03 *

   5.228773949067836   0.380146833481226

   1.0e+03 *

   5.233243141305562   0.724940645292098

    35           69           66.767         contract inside
   1.0e+03 *

   5.238633857682117   0.693609443030941

    36           70           66.767         reflect
   1.0e+03 *

   5.239839485124484   0.563012571296738

   1.0e+03 *

   5.243137657033945   0.482048534299058

    37           72           66.767         reflect
   1.0e+03 *

   5.235654396190299   0.463746901823692

   1.0e+03 *

   5.237888992309162   0.636143807729129

    38           74           66.767         contract inside
   1.0e+03 *

   5.236399261563253   0.521212537125505

   1.0e+03 *

   5.236771694249730   0.549945354776411

    39           76           66.767         contract outside
   1.0e+03 *

   5.242162410626285   0.518614152515253

    40           77           66.767         reflect
   1.0e+03 *

   5.245230201501039   0.531681369035581

   1.0e+03 *

   5.249459455126693   0.522549376165166

    41           79          66.7669         reflect
   1.0e+03 *

   5.242907275999239   0.576079787817066

    42           80          66.7669         reflect
   1.0e+03 *

   5.248297992375794   0.544748585555908

   1.0e+03 *

   5.252527246001449   0.535616592685493

    43           82          66.7668         reflect
   1.0e+03 *

   5.250620917877593   0.500350166774424

   1.0e+03 *

   5.244835686468829   0.557147382556405

    44           84          66.7668         contract inside
   1.0e+03 *

   5.247903477343583   0.570214599076732

    45           85          66.7668         reflect
   1.0e+03 *

   5.251365783250549   0.557815802076235

   1.0e+03 *

   5.246468210664259   0.557314487436363

    46           87          66.7668         contract inside
   1.0e+03 *

   5.249733259055119   0.557648697196278

   1.0e+03 *

   5.247284472761974   0.557398039876342

    47           89          66.7668         contract inside
   1.0e+03 *

   5.248916996957403   0.557565144756299

   1.0e+03 *

   5.249733259055118   0.557648697196278

    48           91          66.7668         reflect
   1.0e+03 *

   5.249311511989614   0.532099131235475

   1.0e+03 *

   5.248255486005092   0.560685732116418

    49           93          66.7668         contract inside
   1.0e+03 *

   5.248874490586701   0.573502291316809

    50           94          66.7668         reflect
   1.0e+03 *

   5.249536001539012   0.570381703956690

   1.0e+03 *

   5.248575614888572   0.563109725076486

    51           96          66.7668         contract inside
   1.0e+03 *

   5.249215872655531   0.567957710996622

   1.0e+03 *

   5.248735679330312   0.564321721556520

    52           98          66.7668         contract inside
   1.0e+03 *

   5.249055808213792   0.566745714516588

   1.0e+03 *

   5.249215872655531   0.567957710996622

    53          100          66.7668         reflect
   1.0e+03 *

   5.249098314584494   0.550808567956078

    54          101          66.7668         reflect
   1.0e+03 *

   5.249237125840884   0.559989137716367

   1.0e+03 *

   5.248997029178274   0.558171142996316

    55          103          66.7668         contract inside
   1.0e+03 *

   5.248954522807571   0.574108289556826

   1.0e+03 *

   5.249062366640264   0.556633498356265

    56          105          66.7668         contract inside
   1.0e+03 *

   5.249121145675783   0.565208069876537

   1.0e+03 *

   5.249183203924538   0.568726533316647

    57          107          66.7668         reflect
   1.0e+03 *

   5.249114587249311   0.575320286036860

   1.0e+03 *

   5.249101532097050   0.570648589116711

    58          109          66.7668         contract outside
   1.0e+03 *

   5.249166869559040   0.569110944476660

   1.0e+03 *

   5.249083573550104   0.567337022006606

    59          111          66.7668         contract inside
   1.0e+03 *

   5.249103187128838   0.561896502766432

    60          112          66.7668         reflect
   1.0e+03 *

   5.249140759254517   0.559767550636363

   1.0e+03 *

   5.249169352106723   0.555982814951241

    61          114          66.7668         reflect
   1.0e+03 *

   5.249158717801461   0.563079117746468

   1.0e+03 *

   5.249117069796994   0.562192156511441

    62          116          66.7668         contract inside
   1.0e+03 *

   5.249144835133306   0.562783464001459

   1.0e+03 *

   5.249158717801461   0.563079117746468

    63          118          66.7668         reflect
   1.0e+03 *

   5.249164448712039   0.557342944761285

   1.0e+03 *

   5.249131971434847   0.563241788597724

    64          120          66.7668         contract inside
   1.0e+03 *

   5.249136047313636   0.566257701962820

    65          121          66.7668         reflect
   1.0e+03 *

   5.249148911012095   0.565799377366555

   1.0e+03 *

   5.249157380800719   0.567078171750970

    66          123          66.7668         reflect
   1.0e+03 *

   5.249157698831764   0.562325139405194

   1.0e+03 *

   5.249141460193169   0.565274561323413

    67          125          66.7668         contract inside
   1.0e+03 *

   5.249152285952232   0.563308280044600

   1.0e+03 *

   5.249157698831764   0.562325139405194

    68          127          66.7668         reflect
   1.0e+03 *

   5.249156361831021   0.566324193409697

   1.0e+03 *

   5.249147716807735   0.563668646353518

    69          129          66.7668         contract inside
   1.0e+03 *

   5.249151091747872   0.561177549031564

   1.0e+03 *

   5.249149456196039   0.564643920282807

    70          131          66.7668         contract inside
   1.0e+03 *

   5.249154025340537   0.564283553973889

   1.0e+03 *

   5.249149293940935   0.563822373258611

    71          133          66.7668         contract inside
   1.0e+03 *

   5.249152448207337   0.564129827068797

   1.0e+03 *

   5.249154025340537   0.564283553973889

    72          135          66.7668         reflect
   1.0e+03 *

   5.249155277963530   0.562794186830590

   1.0e+03 *

   5.249150911637911   0.564181486919753

    73          137          66.7668         contract inside
   1.0e+03 *

   5.249153822521658   0.563256620193644

   1.0e+03 *

   5.249151639358848   0.563950270238226

    74          139          66.7668         contract inside
   1.0e+03 *

   5.249153094800720   0.563487836875171

   1.0e+03 *

   5.249153822521658   0.563256620193644

    75          141          66.7668         reflect
   1.0e+03 *

   5.249153257055824   0.564309383899368

   1.0e+03 *

   5.249152528728130   0.563558556008292

    76          143          66.7668         contract inside
   1.0e+03 *

   5.249153014279926   0.564059107935676

   1.0e+03 *

   5.249153257055824   0.564309383899368

    77          145          66.7668         reflect
   1.0e+03 *

   5.249153660873311   0.563417117742051

   1.0e+03 *

   5.249152751373830   0.563951649737110

    78          147          66.7668         contract inside
   1.0e+03 *

   5.249153357706818   0.563595295073737

   1.0e+03 *

   5.249152902957078   0.563862561071267

    79          149          66.7668         contract inside
   1.0e+03 *

   5.249152822436285   0.564433832131772

   1.0e+03 *

   5.249153026709611   0.563724335689321

    80          151          66.7668         contract inside
   1.0e+03 *

   5.249153138032460   0.563920882553730

    81          152          66.7668         reflect
   1.0e+03 *

   5.249153125602776   0.564255654800085

   1.0e+03 *

   5.249153175049358   0.564521314355466

    82          154          66.7668         reflect
   1.0e+03 *

   5.249153001850241   0.564393880182030

   1.0e+03 *

   5.249153103986905   0.564039131960805

    83          156          66.7668         contract inside
   1.0e+03 *

   5.249153215309755   0.564235678825214

   1.0e+03 *

   5.249153064537384   0.564103250658060

    84          158          66.7668         contract inside
   1.0e+03 *

   5.249153165052298   0.564191536102830

   1.0e+03 *

   5.249153089666112   0.564125322019253

    85          160          66.7668         contract inside
   1.0e+03 *

   5.249153139923569   0.564169464741637

   1.0e+03 *

   5.249153102230477   0.564136357699849

    86          162          66.7668         contract inside
   1.0e+03 *

   5.249153123846348   0.564352880539128

   1.0e+03 *

   5.249153108951766   0.564117569105386

    87          164          66.7668         contract inside
   1.0e+03 *

   5.249153132324063   0.564236866205622

   1.0e+03 *

   5.249153109753873   0.564161484826292

    88          166          66.7668         contract inside
   1.0e+03 *

   5.249153124800666   0.564211739079179

   1.0e+03 *

   5.249153132324063   0.564236866205622

    89          168          66.7668         reflect
   1.0e+03 *

   5.249153108149656   0.564073653384480

   1.0e+03 *

   5.249153121239496   0.564210154446184

    90          170          66.7668         contract inside
   1.0e+03 *

   5.249153137088397   0.564304324419976

   1.0e+03 *

   5.249153115985925   0.564164257934034

    91          172          66.7668         contract inside
   1.0e+03 *

   5.249153119547096   0.564165842567029

   1.0e+03 *

   5.249153118700895   0.564143686627451

    92          174          66.7668         expand
   1.0e+03 *

   5.249153127515638   0.564191167772596

   1.0e+03 *

   5.249153118868353   0.564170985393674

    93          176          66.7668         contract inside
   1.0e+03 *

   5.249153124633208   0.564184440312956

   1.0e+03 *

   5.249153127515638   0.564191167772596

    94          178          66.7668         reflect
   1.0e+03 *

   5.249153118533437   0.564116387861228

    95          179          66.7668         reflect
   1.0e+03 *

   5.249153124465751   0.564157141546732

   1.0e+03 *

   5.249153127348178   0.564163869006373

    96          181          61.8336         expand
   1.0e+03 *

   5.249153133447949   0.564231921458101

    97          182          61.8336         reflect
   1.0e+03 *

   5.249153136162919   0.564211350151518

    98          183          61.8336         reflect
   1.0e+03 *

   5.249153130063147   0.564143297699790

   1.0e+03 *

   5.249153128370745   0.564098985820635

    99          185          61.8336         expand
   1.0e+03 *

   5.249153119556004   0.564051504675490

   1.0e+03 *

   5.249153111252546   0.563971581937476

   100          187          61.8335         expand
   1.0e+03 *

   5.249153112275113   0.563906698751739

   1.0e+03 *

   5.249153104738579   0.563778113624422

   101          189          61.8335         expand
   1.0e+03 *

   5.249153087620382   0.563650709741263

   1.0e+03 *

   5.249153067245199   0.563426571701576

   102          191          61.8334         expand
   1.0e+03 *

   5.249153060731232   0.563233103388522

   1.0e+03 *

   5.249153035470576   0.562863864114044

   103          193          61.8334         expand
   1.0e+03 *

   5.249152997977195   0.562512322191199

   1.0e+03 *

   5.249152944596503   0.561879426474588

   104          195          61.8332         expand
   1.0e+03 *

   5.249152912821879   0.561316718887055

   1.0e+03 *

   5.249152835610219   0.560261792479795

   105          197          61.8329         expand
   1.0e+03 *

   5.249152744736146   0.559277354840339

   1.0e+03 *

   5.249152599368932   0.557484100203486

   106          199          61.8324         expand
   1.0e+03 *

   5.249152490382649   0.555866466208693

   1.0e+03 *

   5.249152263275723   0.552859986075746

   107          201          61.8317         expand
   1.0e+03 *

   5.249152027034436   0.550082293799437

   1.0e+03 *

   5.249151622746544   0.544992544459258

   108          203          61.8303         expand
   1.0e+03 *

   5.249151286653334   0.540368430331518

   1.0e+03 *

   5.249150630295535   0.531810595395534

   109          205          61.8281         expand
   1.0e+03 *

   5.249149989766356   0.523943153779045

   1.0e+03 *

   5.249148853011673   0.509484737630695

   110          207          61.8243         expand
   1.0e+03 *

   5.249147860560664   0.496302788566971

   1.0e+03 *

   5.249145979467725   0.471957910620828

   111          209          61.8178         expand
   1.0e+03 *

   5.249144202183863   0.449632052855989

   1.0e+03 *

   5.249140988128027   0.408542781586216

   112          211          61.8064         expand
   1.0e+03 *

   5.249138114584079   0.371015954576349

   1.0e+03 *

   5.249132745370281   0.301781563049176

   113          213          61.7866         expand
   1.0e+03 *

   5.249127754030583   0.238366434014564

   1.0e+03 *

   5.249118641312013   0.121570695711433

   114          215          61.7513         expand
   1.0e+03 *

   5.249110398554267   0.014809477174392

   1.0e+03 *

   5.249095103767387  -0.182057175031519

   115          217          61.6875         expand
   1.0e+03 *

   5.249080999709118  -0.362268042369262

   1.0e+03 *

   5.249055126878536  -0.694292845078481

   116          219          61.6453         expand
   1.0e+03 *

   5.249031589333912  -0.997920715821434

   1.0e+03 *

   5.248988063344862  -1.557666421587867

   117          221          61.6436         reflect
   1.0e+03 *

   5.248991612445061  -1.510156385868395

   1.0e+03 *

   5.249069230936806  -0.514081977740738

   118          223          61.6436         contract inside
   1.0e+03 *

   5.249017485275643  -1.178131583159176

   1.0e+03 *

   5.248991612445061  -1.510156385868395

   119          225          61.6425         reflect
   1.0e+03 *

   5.248993947731018  -1.481759453902129

   1.0e+03 *

   5.249039832091658  -0.891159497284393

   120          227          61.6425         contract inside
   1.0e+03 *

   5.249009242517897  -1.284892801696217

   1.0e+03 *

   5.249032184698217  -0.989592823387349

   121          229          61.6425         contract inside
   1.0e+03 *

   5.249016889911338  -1.186459475593261

   1.0e+03 *

   5.249009242517899  -1.284892801696217

   122          231          61.6425         reflect
   1.0e+03 *

   5.249002785853069  -1.366670342931004

   1.0e+03 *

   5.249024388463702  -1.090108122598826

   123          233          61.6425         contract inside
   1.0e+03 *

   5.249009986723279  -1.274482936153611

   1.0e+03 *

   5.249020788028596  -1.136201825987522

   124          235          61.6425         contract inside
   1.0e+03 *

   5.249013587158385  -1.228389232764915

   1.0e+03 *

   5.249018987811043  -1.159248677681870

   125          237          61.6425         contract inside
   1.0e+03 *

   5.249015387375938  -1.205342381070567

   1.0e+03 *

   5.249013587158385  -1.228389232764915

   126          239          61.6423         reflect
   1.0e+03 *

   5.249014792011632  -1.213670273504651

   1.0e+03 *

   5.249016811959640  -1.187016255745545

   127          241          61.6423         contract inside
   1.0e+03 *

   5.249015309424240  -1.205899161222851

   1.0e+03 *

   5.249014519180691  -1.215619004037646

   128          243          61.6423         reflect
   1.0e+03 *

   5.249013884840537  -1.224225286547872

   1.0e+03 *

   5.249016080179865  -1.196318513446127

   129          245          61.6423         contract inside
   1.0e+03 *

   5.249014616620312  -1.214923028847291

   1.0e+03 *

   5.249015714289977  -1.200969642296418

   130          247          61.6423         contract inside
   1.0e+03 *

   5.249014982510200  -1.210271899996999

   1.0e+03 *

   5.249015531345032  -1.203295206721563

   131          249          61.6423         contract inside
   1.0e+03 *

   5.249015165455145  -1.207946335571854

   1.0e+03 *

   5.249015439872561  -1.204457988934136

   132          251          61.6423         contract inside
   1.0e+03 *

   5.249015256927616  -1.206783553359281

   1.0e+03 *

   5.249015394136324  -1.205039380040422

   133          253          61.6423         contract inside
   1.0e+03 *

   5.249015302663853  -1.206202162252995

   1.0e+03 *

   5.249015371268205  -1.205330075593565

   134          255          61.6423         contract inside
   1.0e+03 *

   5.249015325531971  -1.205911466699852

   1.0e+03 *

   5.249015302663855  -1.206202162252995

   135          257          61.6423         reflect
   1.0e+03 *

   5.249015247580274  -1.206468246852136

   1.0e+03 *

   5.249015352427021  -1.205623847515959

   136          259          61.6423         contract inside
   1.0e+03 *

   5.249015282529189  -1.206186780406744

   1.0e+03 *

   5.249015334952563  -1.205764580738655

   137          261          61.6423         contract inside
   1.0e+03 *

   5.249015300003648  -1.206046047184048

   1.0e+03 *

   5.249015326215335  -1.205834947350003

   138          263          61.6423         contract inside
   1.0e+03 *

   5.249015308740876  -1.205975680572699

   1.0e+03 *

   5.249015321846720  -1.205870130655677

   139          265          61.6423         contract inside
   1.0e+03 *

   5.249015313109490  -1.205940497267025

   1.0e+03 *

   5.249015308740876  -1.205975680572699

   140          267          61.6423         reflect
   1.0e+03 *

   5.249015329217221  -1.205952802744027

   1.0e+03 *

   5.249015314372485  -1.205912571603145

   141          269          61.6423         contract inside
   1.0e+03 *

   5.249015324268976  -1.205939392363733

   1.0e+03 *

   5.249015329217221  -1.205952802744026

   142          271          61.6423         reflect
   1.0e+03 *

   5.249015311846495  -1.205968422930906

   1.0e+03 *

   5.249015322110602  -1.205925705757616

   143          273          61.6423         contract inside
   1.0e+03 *

   5.249015315267864  -1.205954183873142

   1.0e+03 *

   5.249015320399918  -1.205932825286497

   144          275          61.6423         contract inside
   1.0e+03 *

   5.249015316978548  -1.205947064344261

   1.0e+03 *

   5.249015319544576  -1.205936385050938

   145          277          61.6423         contract inside
   1.0e+03 *

   5.249015330704061  -1.205935280147645

   1.0e+03 *

   5.249015339501348  -1.205932671587955

   146          279          61.6423         expand
   1.0e+03 *

   5.249015344225747  -1.205935678900750

   1.0e+03 *

   5.249015356566333  -1.205935325825656

   147          281          61.6423         expand
   1.0e+03 *

   5.249015371798705  -1.205928605049878

   1.0e+03 *

   5.249015395563569  -1.205923211392951

   148          283          61.6423         expand
   1.0e+03 *

   5.249015412628554  -1.205925865630652

   1.0e+03 *

   5.249015449192156  -1.205922462652000

   149          285          61.6423         expand
   1.0e+03 *

   5.249015488189392  -1.205910348219295

   1.0e+03 *

   5.249015554000922  -1.205897859416115

   150          287          61.6423         expand
   1.0e+03 *

   5.249015607629509  -1.205897110675164

   1.0e+03 *

   5.249015713662480  -1.205884060316271

   151          289          61.6423         expand
   1.0e+03 *

   5.249015818471245  -1.205859457080386

   1.0e+03 *

   5.249016003110790  -1.205827954294579

   152          291          61.6423         expand
   1.0e+03 *

   5.249016162772349  -1.205814155194735

   1.0e+03 *

   5.249016467158061  -1.205772303084044

   153          293          61.6423         expand
   1.0e+03 *

   5.249016756606370  -1.205716197062353

   1.0e+03 *

   5.249017278078314  -1.205632265435394

   154          295          61.6423         expand
   1.0e+03 *

   5.249017742125585  -1.205576614224859

   1.0e+03 *

   5.249018611632982  -1.205450944189999

   155          297          61.6423         expand
   1.0e+03 *

   5.249019422553236  -1.205310906541349

   1.0e+03 *

   5.249020900250824  -1.205080208270001

   156          299          61.6423         expand
   1.0e+03 *

   5.249022233805491  -1.204898887024606

   1.0e+03 *

   5.249024711669080  -1.204532197819212

   157          301          61.6423         expand
   1.0e+03 *

   5.249027000286922  -1.204161461899214

   1.0e+03 *

   5.249031194613892  -1.203516720753822

   158          303          61.6423         expand
   1.0e+03 *

   5.249035006032149  -1.202968710303033

   1.0e+03 *

   5.249042058922813  -1.201912961319549

   159          305          61.6422         expand
   1.0e+03 *

   5.249048541867624  -1.200897484254159

   1.0e+03 *

   5.249060456966894  -1.199080127471632

   160          307          61.6422         expand
   1.0e+03 *

   5.249071321275815  -1.197476368037359

   1.0e+03 *

   5.249091384606776  -1.194456191679128

   161          309           61.642         expand
   1.0e+03 *

   5.249109782650858  -1.191623357831211

   1.0e+03 *

   5.249143644514879  -1.186478556087042

   162          311          61.6418         expand
   1.0e+03 *

   5.249174572154761  -1.181854620294538

   1.0e+03 *

   5.249231629748694  -1.173241866705991

   163          313          61.6415         expand
   1.0e+03 *

   5.249283889656797  -1.165264231113905

   1.0e+03 *

   5.249380142181808  -1.150668250831294

   164          315           61.641         expand
   1.0e+03 *

   5.249468127415623  -1.137431561450243

   1.0e+03 *

   5.249630368865994  -1.112908064131842

   165          317          61.6401         expand
   1.0e+03 *

   5.249778881299108  -1.090334448257145

   1.0e+03 *

   5.250052507074313  -1.048880739032722

   166          319          61.6386         expand
   1.0e+03 *

   5.250302733758499  -1.011120552333270

   1.0e+03 *

   5.250764029546844  -0.941346703084259

   167          321           61.636         expand
   1.0e+03 *

   5.251186167755164  -0.877319377985139

   1.0e+03 *

   5.251964067199750  -0.759525034911787

   168          323          61.6316         expand
   1.0e+03 *

   5.252675589672281  -0.651990998963324

   1.0e+03 *

   5.253987130971265  -0.453546128928625

   169          325          61.6243         expand
   1.0e+03 *

   5.255187168624170  -0.271724460756153

   1.0e+03 *

   5.251869814316176  -0.773941142502232

   170          327          61.6243         contract inside
   1.0e+03 *

   5.254081383854838  -0.439130021338179

   1.0e+03 *

   5.255187168624168  -0.271724460756153

   171          329          61.6239         reflect
   1.0e+03 *

   5.256104447626354  -0.133151115355018

   1.0e+03 *

   5.252999162306400  -0.602931555022594

   172          331          61.6239         contract inside
   1.0e+03 *

   5.255069352519703  -0.289744595244210

   1.0e+03 *

   5.253516709859727  -0.524634815077998

   173          333          61.6239         contract inside
   1.0e+03 *

   5.254551804966377  -0.368041335188806

   1.0e+03 *

   5.255069352519702  -0.289744595244210

   174          335          61.6226         reflect
   1.0e+03 *

   5.254646057849950  -0.353625227598360

   1.0e+03 *

   5.254151862690937  -0.428565903596059

   175          337          61.6226         contract inside
   1.0e+03 *

   5.254622283802475  -0.357477217446685

   1.0e+03 *

   5.254216608841747  -0.418716820365306

   176          339          61.6226         contract inside
   1.0e+03 *

   5.254616551117188  -0.358192251958053

   1.0e+03 *

   5.254268034797499  -0.410972490686557

   177          341          61.6226         contract inside
   1.0e+03 *

   5.254603230922130  -0.360297005510057

   1.0e+03 *

   5.254313264361842  -0.404111866651494

   178          343          61.6226         contract inside
   1.0e+03 *

   5.254597034530721  -0.361180711153742

   1.0e+03 *

   5.254350284730805  -0.398524545803354

   179          345          61.6226         contract inside
   1.0e+03 *

   5.254588825335339  -0.362454014340666

   1.0e+03 *

   5.254382154605217  -0.393697403573787

   180          347          61.6226         contract inside
   1.0e+03 *

   5.254583674840789  -0.363214192959239

   1.0e+03 *

   5.254408632258301  -0.389696957592325

   181          349          61.6226         contract inside
   1.0e+03 *

   5.254578282619461  -0.364040889207344

   1.0e+03 *

   5.254431186608778  -0.386283274982176

   182          351          61.6226         contract inside
   1.0e+03 *

   5.254574359316853  -0.364627652578657

   1.0e+03 *

   5.254450064022939  -0.383429631338908

   183          353          61.6226         contract inside
   1.0e+03 *

   5.254570682380538  -0.365187691545538

   1.0e+03 *

   5.254466060551717  -0.381009379123017

   184          355          61.6226         contract inside
   1.0e+03 *

   5.254567801495154  -0.365621082972915

   1.0e+03 *

   5.254479498390992  -0.378977494247410

   185          357          61.6226         contract inside
   1.0e+03 *

   5.254565242805652  -0.366009450313199

   1.0e+03 *

   5.254490856115201  -0.377259396920562

   186          359          61.6225         contract inside
   1.0e+03 *

   5.254418549539816  -0.388195555979166

   1.0e+03 *

   5.254518491109737  -0.373079890386396

   187          361          61.6224         contract inside
   1.0e+03 *

   5.254529848833945  -0.371361793059549

   1.0e+03 *

   5.254555024055422  -0.367553942465618

   188          363          61.6224         reflect
   1.0e+03 *

   5.254557483828481  -0.367182286525382

   1.0e+03 *

   5.254507513043521  -0.374740119321767

   189          365          61.6224         contract inside
   1.0e+03 *

   5.254540826900161  -0.369701564124177

   1.0e+03 *

   5.254557483828481  -0.367182286525382

   190          367          61.6223         reflect
   1.0e+03 *

   5.254552184624370  -0.367983466797330

   1.0e+03 *

   5.254526914488395  -0.371805784489129

   191          369          61.6223         contract inside
   1.0e+03 *

   5.254543761245712  -0.369257572694596

   192          370          61.6223         reflect
   1.0e+03 *

   5.254554739311929  -0.367597343759225

   1.0e+03 *

   5.254536071453441  -0.370420680734468

   193          372          61.6223         contract inside
   1.0e+03 *

   5.254548516692433  -0.368538456084306

   1.0e+03 *

   5.254539182763188  -0.369950124571927

   194          374          61.6223         contract inside
   1.0e+03 *

   5.254545405382685  -0.369009012246846

   1.0e+03 *

   5.254540738418062  -0.369714846490657

   195          376          61.6223         contract inside
   1.0e+03 *

   5.254537804072512  -0.370158837920238

   1.0e+03 *

   5.254542271952412  -0.369482889001007

   196          378          61.6223         contract inside
   1.0e+03 *

   5.254542360434511  -0.369469606634527

   1.0e+03 *

   5.254543171442736  -0.369346986706462

   197          380          61.6223         expand
   1.0e+03 *

   5.254544616494988  -0.369128311583291

   1.0e+03 *

   5.254541774298867  -0.369558250988956

   198          382          61.6223         contract inside
   1.0e+03 *

   5.254543669096281  -0.369271624718513

   1.0e+03 *

   5.254542247998221  -0.369486594421345

   199          384          61.6223         contract inside
   1.0e+03 *

   5.254543195396927  -0.369343281286124

   1.0e+03 *

   5.254543669096281  -0.369271624718513

   200          386          61.6223         reflect
   1.0e+03 *

   5.254544094887251  -0.369207378991579

   1.0e+03 *

   5.254542727686122  -0.369414011498650

   201          388          61.6223         contract inside
   1.0e+03 *

   5.254543639153542  -0.369276256493936

   1.0e+03 *

   5.254542955552977  -0.369379572747471

   202          390          61.6223         contract inside
   1.0e+03 *

   5.254543411286686  -0.369310695245114

   1.0e+03 *

   5.254543069486404  -0.369362353371882

   203          392          61.6223         contract inside
   1.0e+03 *

   5.254543297353258  -0.369327914620703

   1.0e+03 *

   5.254543411286686  -0.369310695245114

   204          394          61.6223         reflect
   1.0e+03 *

   5.254543321307450  -0.369324209200365

   1.0e+03 *

   5.254543396239807  -0.369312820447317

   205          396          61.6223         reflect
   1.0e+03 *

   5.254543423263781  -0.369308842534945

   1.0e+03 *

   5.254543252363641  -0.369334671598329

   206          398          61.6223         contract inside
   1.0e+03 *

   5.254543366297068  -0.369317452222740

   1.0e+03 *

   5.254543280846998  -0.369330366754432

   207          400          61.6223         contract inside
 
Exiting: Maximum number of function evaluations has been exceeded
         - increase MaxFunEvals option.
         Current function value: 61.622334 


x =

   1.0e+03 *

   5.254543321307450  -0.369324209200365


fval =

  61.622333806396668


exitflag =

     0


output = 

    iterations: 207
     funcCount: 400
     algorithm: 'Nelder-Mead simplex direct search'
       message: 'Exiting: Maximum number of function evaluations has been ...'

>> 
TimeCost =

     4.038646281920000e+05

>> 