MATLAB is selecting SOFTWARE OPENGL rendering.
Unrecognized MATLAB option "nodispay".

                            < M A T L A B (R) >
                  Copyright 1984-2015 The MathWorks, Inc.
                   R2015b (8.6.0.267246) 64-bit (glnxa64)
                              August 20, 2015

 
To get started, type one of these: helpwin, helpdesk, or demo.
For product information, visit www.mathworks.com.
 
>> >> >> >> >> >> >> >> >> >> >> >> Optimizing! PLEASE WAIT>>>>>>>>>>>>>>>
>>         9000        4000

Starting parallel pool (parpool) using the 'local' profile ... connected to 24 workers.
Parallel pool using the 'local' profile is shutting down.
 
 Iteration   Func-count     min f(x)         Procedure
     0            1         0.921079         
        9450        4000

Starting parallel pool (parpool) using the 'local' profile ... connected to 24 workers.
Parallel pool using the 'local' profile is shutting down.
        9000        4200

Starting parallel pool (parpool) using the 'local' profile ... connected to 24 workers.
Parallel pool using the 'local' profile is shutting down.
     1            3         0.921079         initial simplex
        9450        3800

Starting parallel pool (parpool) using the 'local' profile ... connected to 24 workers.
Parallel pool using the 'local' profile is shutting down.
        9675        3600

Starting parallel pool (parpool) using the 'local' profile ... connected to 24 workers.
Parallel pool using the 'local' profile is shutting down.
     2            5         0.916083         expand
        9225        3600

Starting parallel pool (parpool) using the 'local' profile ... connected to 24 workers.
Parallel pool using the 'local' profile is shutting down.
   1.0e+03 *

    9.1125    3.4000

Starting parallel pool (parpool) using the 'local' profile ... connected to 24 workers.
Parallel pool using the 'local' profile is shutting down.
     3            7         0.895236         expand
   1.0e+03 *

    9.7875    3.0000

Starting parallel pool (parpool) using the 'local' profile ... connected to 24 workers.
Parallel pool using the 'local' profile is shutting down.
   1.0e+04 *

    1.0181    0.2500

Starting parallel pool (parpool) using the 'local' profile ... connected to 24 workers.
Parallel pool using the 'local' profile is shutting down.
     4            9         0.862294         expand
   1.0e+03 *

    9.6188    2.3000

Starting parallel pool (parpool) using the 'local' profile ... connected to 24 workers.
Parallel pool using the 'local' profile is shutting down.
   1.0e+03 *

    9.5906    1.6500

Starting parallel pool (parpool) using the 'local' profile ... connected to 24 workers.
Parallel pool using the 'local' profile is shutting down.
     5           11         0.751659         expand
   1.0e+04 *

    1.0659    0.0750

Starting parallel pool (parpool) using the 'local' profile ... connected to 24 workers.
Parallel pool using the 'local' profile is shutting down.
   1.0e+04 *

    1.1433   -0.0575

     6           13         0.679532         reflect
   1.0e+04 *

    1.0069   -0.0100

   1.0e+04 *

    1.0153    0.1850

Starting parallel pool (parpool) using the 'local' profile ... connected to 24 workers.
Parallel pool using the 'local' profile is shutting down.
     7           15         0.679532         contract inside
   1.0e+04 *

    1.0097    0.0550

Starting parallel pool (parpool) using the 'local' profile ... connected to 24 workers.
Parallel pool using the 'local' profile is shutting down.
   1.0e+04 *

    1.0069   -0.0100

     8           17          0.60652         reflect
   1.0e+04 *

    1.1166   -0.0350

   1.0e+03 *

    9.9844    1.1500

Starting parallel pool (parpool) using the 'local' profile ... connected to 24 workers.
Parallel pool using the 'local' profile is shutting down.
     9           19          0.60652         contract inside
   1.0e+04 *

    1.0772    0.0150

Starting parallel pool (parpool) using the 'local' profile ... connected to 24 workers.
Parallel pool using the 'local' profile is shutting down.
   1.0e+04 *

    1.1166   -0.0350

    10           21         0.587119         reflect
   1.0e+04 *

    1.0209   -0.0050

   1.0e+04 *

    1.0547    0.0550

Starting parallel pool (parpool) using the 'local' profile ... connected to 24 workers.
Parallel pool using the 'local' profile is shutting down.
    11           23         0.587119         contract inside
   1.0e+04 *

    1.0322    0.0150

Starting parallel pool (parpool) using the 'local' profile ... connected to 24 workers.
Parallel pool using the 'local' profile is shutting down.
   1.0e+04 *

    1.0209   -0.0050

    12           25         0.551296         reflect
   1.0e+04 *

    1.0997   -0.0250

   1.0e+04 *

    1.0322    0.0350

Starting parallel pool (parpool) using the 'local' profile ... connected to 24 workers.
Parallel pool using the 'local' profile is shutting down.
    13           27         0.551296         contract inside
   1.0e+04 *

    1.0772   -0.0050

   1.0e+04 *

    1.0434    0.0250

Starting parallel pool (parpool) using the 'local' profile ... connected to 24 workers.
Parallel pool using the 'local' profile is shutting down.
    14           29         0.551296         contract inside
   1.0e+03 *

    9.9844    0.2500

Starting parallel pool (parpool) using the 'local' profile ... connected to 24 workers.
Parallel pool using the 'local' profile is shutting down.
   1.0e+03 *

    9.5906    0.3000

Starting parallel pool (parpool) using the 'local' profile ... connected to 24 workers.
Parallel pool using the 'local' profile is shutting down.
    15           31         0.518139         expand
   1.0e+03 *

    9.4781    0.2000

Starting parallel pool (parpool) using the 'local' profile ... connected to 24 workers.
Parallel pool using the 'local' profile is shutting down.
        9000         175

Starting parallel pool (parpool) using the 'local' profile ... connected to 24 workers.
Parallel pool using the 'local' profile is shutting down.
    16           33         0.437826         expand
   1.0e+03 *

    8.2688    0.3250

Starting parallel pool (parpool) using the 'local' profile ... connected to 24 workers.
Parallel pool using the 'local' profile is shutting down.
   1.0e+03 *

    7.2422    0.4125

Starting parallel pool (parpool) using the 'local' profile ... connected to 24 workers.
Parallel pool using the 'local' profile is shutting down.
    17           35         0.333264         expand
   1.0e+03 *

    6.6516    0.2875

Starting parallel pool (parpool) using the 'local' profile ... connected to 24 workers.
Parallel pool using the 'local' profile is shutting down.
   1.0e+03 *

    5.1820    0.2812

Starting parallel pool (parpool) using the 'local' profile ... connected to 24 workers.
Parallel pool using the 'local' profile is shutting down.
    18           37         0.226537         expand
   1.0e+03 *

    3.4242    0.5188

Starting parallel pool (parpool) using the 'local' profile ... connected to 24 workers.
Parallel pool using the 'local' profile is shutting down.
    19           38         0.226537         reflect
   1.0e+03 *

    1.3641    0.3875

Starting parallel pool (parpool) using the 'local' profile ... connected to 24 workers.
Parallel pool using the 'local' profile is shutting down.
   1.0e+03 *

    2.8336    0.3937

Starting parallel pool (parpool) using the 'local' profile ... connected to 24 workers.
Parallel pool using the 'local' profile is shutting down.
    20           40         0.226537         contract outside
   1.0e+03 *

    5.7727    0.4062

Starting parallel pool (parpool) using the 'local' profile ... connected to 24 workers.
Parallel pool using the 'local' profile is shutting down.
    21           41         0.226537         reflect
   1.0e+03 *

    7.5305    0.1688

Starting parallel pool (parpool) using the 'local' profile ... connected to 24 workers.
Parallel pool using the 'local' profile is shutting down.
   1.0e+03 *

    4.4508    0.4313

Starting parallel pool (parpool) using the 'local' profile ... connected to 24 workers.
Parallel pool using the 'local' profile is shutting down.
    22           43         0.226537         contract inside
   1.0e+03 *

    3.8602    0.3063

Starting parallel pool (parpool) using the 'local' profile ... connected to 24 workers.
Parallel pool using the 'local' profile is shutting down.
   1.0e+03 *

    5.2945    0.3812

Starting parallel pool (parpool) using the 'local' profile ... connected to 24 workers.
Parallel pool using the 'local' profile is shutting down.
    23           45         0.226537         contract inside
   1.0e+03 *

    6.0258    0.2313

Starting parallel pool (parpool) using the 'local' profile ... connected to 24 workers.
Parallel pool using the 'local' profile is shutting down.
   1.0e+03 *

    5.6320    0.2812

Starting parallel pool (parpool) using the 'local' profile ... connected to 24 workers.
Parallel pool using the 'local' profile is shutting down.
    24           47         0.226537         contract outside
   1.0e+03 *

    5.5195    0.1812

Starting parallel pool (parpool) using the 'local' profile ... connected to 24 workers.
Parallel pool using the 'local' profile is shutting down.
   1.0e+03 *

    5.6320    0.0813

    25           49         0.223002         reflect
   1.0e+03 *

    5.0695    0.1812

Starting parallel pool (parpool) using the 'local' profile ... connected to 24 workers.
Parallel pool using the 'local' profile is shutting down.
   1.0e+03 *

    5.4914    0.2562

Starting parallel pool (parpool) using the 'local' profile ... connected to 24 workers.
Parallel pool using the 'local' profile is shutting down.
    26           51         0.223002         contract inside
   1.0e+03 *

    5.8289    0.1562

Starting parallel pool (parpool) using the 'local' profile ... connected to 24 workers.
Parallel pool using the 'local' profile is shutting down.
    27           52         0.223002         reflect
   1.0e+03 *

    5.8570    0.0813

   1.0e+03 *

    5.5828    0.2125

Starting parallel pool (parpool) using the 'local' profile ... connected to 24 workers.
Parallel pool using the 'local' profile is shutting down.
    28           54         0.223002         contract inside
   1.0e+03 *

    5.7656    0.1250

Starting parallel pool (parpool) using the 'local' profile ... connected to 24 workers.
Parallel pool using the 'local' profile is shutting down.
   1.0e+03 *

    5.8570    0.0813

    29           56         0.222016         reflect
   1.0e+03 *

    5.4562    0.1500

Starting parallel pool (parpool) using the 'local' profile ... connected to 24 workers.
Parallel pool using the 'local' profile is shutting down.
   1.0e+03 *

    5.7357    0.1547

Starting parallel pool (parpool) using the 'local' profile ... connected to 24 workers.
Parallel pool using the 'local' profile is shutting down.
    30           58         0.222016         contract inside
   1.0e+03 *

    5.9818    0.0984

   1.0e+03 *

    5.6351    0.1605

Starting parallel pool (parpool) using the 'local' profile ... connected to 24 workers.
Parallel pool using the 'local' profile is shutting down.
    31           60         0.222016         contract inside
   1.0e+03 *

    5.6650    0.1309

Starting parallel pool (parpool) using the 'local' profile ... connected to 24 workers.
Parallel pool using the 'local' profile is shutting down.
   1.0e+03 *

    5.6296    0.1189

Starting parallel pool (parpool) using the 'local' profile ... connected to 24 workers.
Parallel pool using the 'local' profile is shutting down.
    32           62          0.22189         reflect
   1.0e+03 *

    5.7955    0.0953

   1.0e+03 *

    5.6752    0.1442

Starting parallel pool (parpool) using the 'local' profile ... connected to 24 workers.
Parallel pool using the 'local' profile is shutting down.
    33           64          0.22189         contract inside
   1.0e+03 *

    5.7554    0.1116

Starting parallel pool (parpool) using the 'local' profile ... connected to 24 workers.
Parallel pool using the 'local' profile is shutting down.
   1.0e+03 *

    5.7955    0.0953

    34           66         0.221714         reflect
   1.0e+03 *

    5.6548    0.1175

Starting parallel pool (parpool) using the 'local' profile ... connected to 24 workers.
Parallel pool using the 'local' profile is shutting down.
    35           67         0.221714         reflect
   1.0e+03 *

    5.7452    0.0982

   1.0e+03 *

    5.6850    0.1227

Starting parallel pool (parpool) using the 'local' profile ... connected to 24 workers.
Parallel pool using the 'local' profile is shutting down.
    36           69         0.221714         contract inside
   1.0e+03 *

    5.7857    0.1168

Starting parallel pool (parpool) using the 'local' profile ... connected to 24 workers.
Parallel pool using the 'local' profile is shutting down.
   1.0e+03 *

    5.6875    0.1173

Starting parallel pool (parpool) using the 'local' profile ... connected to 24 workers.
Parallel pool using the 'local' profile is shutting down.
    37           71         0.221683         contract inside
   1.0e+03 *

    5.7579    0.1062

Starting parallel pool (parpool) using the 'local' profile ... connected to 24 workers.
Parallel pool using the 'local' profile is shutting down.
   1.0e+03 *

    5.7943    0.0980

    38           73         0.221649         reflect
   1.0e+03 *

    5.6900    0.1119

Starting parallel pool (parpool) using the 'local' profile ... connected to 24 workers.
Parallel pool using the 'local' profile is shutting down.
   1.0e+03 *

    5.6572    0.1121

Starting parallel pool (parpool) using the 'local' profile ... connected to 24 workers.
Parallel pool using the 'local' profile is shutting down.
    39           75         0.221621         reflect
   1.0e+03 *

    5.7603    0.1009

Starting parallel pool (parpool) using the 'local' profile ... connected to 24 workers.
Parallel pool using the 'local' profile is shutting down.
   1.0e+03 *

    5.7967    0.0926

    40           77         0.221584         reflect
   1.0e+03 *

    5.6924    0.1066

Starting parallel pool (parpool) using the 'local' profile ... connected to 24 workers.
Parallel pool using the 'local' profile is shutting down.
    41           78         0.221584         reflect
   1.0e+03 *

    5.7628    0.0955

   1.0e+03 *

    5.7082    0.1078

Starting parallel pool (parpool) using the 'local' profile ... connected to 24 workers.
Parallel pool using the 'local' profile is shutting down.
    42           80         0.221554         contract inside
   1.0e+03 *

    5.7761    0.1021

Starting parallel pool (parpool) using the 'local' profile ... connected to 24 workers.
Parallel pool using the 'local' profile is shutting down.
   1.0e+03 *

    5.7133    0.1054

Starting parallel pool (parpool) using the 'local' profile ... connected to 24 workers.
Parallel pool using the 'local' profile is shutting down.
    43           82          0.22154         contract inside
   1.0e+03 *

    5.6612    0.1124

Starting parallel pool (parpool) using the 'local' profile ... connected to 24 workers.
Parallel pool using the 'local' profile is shutting down.
[Warning: The cluster failed to cancel the job execution. The error was: Unable
to read file '/home/zxwu/.matlab/local_cluster_jobs/R2015b/Job1175.in.mat'. No
such file or directory.] 
[> In parallel.internal.cluster.CJSJobMethods.cancelOneJob (line 53)
  In parallel.job.CJSCommunicatingJob/cancelOneJob (line 99)
  In parallel.Job>@(j1)cancelOneJob(j1,cancelException)
  In parallel.Job/cancel (line 1125)
  In parallel.Cluster/hDeleteOneJob (line 832)
  In parallel.internal.pool.InteractiveClient>iDeleteJobs (line 848)
  In parallel.internal.pool.InteractiveClient/pStopLabsAndDisconnect (line 583)
  In parallel.internal.pool.InteractiveClient/stopLabsAndDisconnect (line 434)
  In parallel.Pool/delete (line 61)
  In ObjFunc (line 65)
  In fminsearch (line 308)] 
   1.0e+03 *

    5.7355    0.1037

Starting parallel pool (parpool) using the 'local' profile ... connected to 24 workers.
Parallel pool using the 'local' profile is shutting down.
    44           84          0.22154         contract inside
   1.0e+03 *

    5.6860    0.1095

Starting parallel pool (parpool) using the 'local' profile ... connected to 24 workers.
Parallel pool using the 'local' profile is shutting down.
   1.0e+03 *

    5.7231    0.1052

Starting parallel pool (parpool) using the 'local' profile ... connected to 24 workers.
Parallel pool using the 'local' profile is shutting down.
    45           86          0.22154         contract inside
   1.0e+03 *

    5.6984    0.1081

Starting parallel pool (parpool) using the 'local' profile ... connected to 24 workers.
Parallel pool using the 'local' profile is shutting down.
   1.0e+03 *

    5.7169    0.1059

Starting parallel pool (parpool) using the 'local' profile ... connected to 24 workers.
Parallel pool using the 'local' profile is shutting down.
    46           88          0.22154         contract inside
   1.0e+03 *

    5.7221    0.1035

Starting parallel pool (parpool) using the 'local' profile ... connected to 24 workers.
Parallel pool using the 'local' profile is shutting down.
   1.0e+03 *

    5.7291    0.1014

Starting parallel pool (parpool) using the 'local' profile ... connected to 24 workers.
Parallel pool using the 'local' profile is shutting down.
    47           90         0.221529         expand
   1.0e+03 *

    5.7255    0.1009

Starting parallel pool (parpool) using the 'local' profile ... connected to 24 workers.
Parallel pool using the 'local' profile is shutting down.
   1.0e+03 *

    5.7297    0.0984

    48           92         0.221523         reflect
   1.0e+03 *

    5.7412    0.0969

   1.0e+03 *

    5.7203    0.1033

Starting parallel pool (parpool) using the 'local' profile ... connected to 24 workers.
Parallel pool using the 'local' profile is shutting down.
    49           94         0.221523         contract inside
   1.0e+03 *

    5.7342    0.0990

   1.0e+03 *

    5.7238    0.1022

Starting parallel pool (parpool) using the 'local' profile ... connected to 24 workers.
Parallel pool using the 'local' profile is shutting down.
    50           96         0.221523         contract inside
   1.0e+03 *

    5.7308    0.1001

Starting parallel pool (parpool) using the 'local' profile ... connected to 24 workers.
Parallel pool using the 'local' profile is shutting down.
   1.0e+03 *

    5.7342    0.0990

    51           98         0.221523         reflect
   1.0e+03 *

    5.7271    0.0996

   1.0e+03 *

    5.7286    0.1010

Starting parallel pool (parpool) using the 'local' profile ... connected to 24 workers.
Parallel pool using the 'local' profile is shutting down.
    52          100         0.221523         contract inside
   1.0e+03 *

    5.7276    0.1001

Starting parallel pool (parpool) using the 'local' profile ... connected to 24 workers.
Parallel pool using the 'local' profile is shutting down.
   1.0e+03 *

    5.7271    0.0996

    53          102          0.22152         reflect
   1.0e+03 *

    5.7329    0.0992

   1.0e+03 *

    5.7273    0.1005

Starting parallel pool (parpool) using the 'local' profile ... connected to 24 workers.
Parallel pool using the 'local' profile is shutting down.
    54          104          0.22152         contract inside
   1.0e+03 *

    5.7242    0.1005

Starting parallel pool (parpool) using the 'local' profile ... connected to 24 workers.
Parallel pool using the 'local' profile is shutting down.
   1.0e+03 *

    5.7209    0.1007

Starting parallel pool (parpool) using the 'local' profile ... connected to 24 workers.
Parallel pool using the 'local' profile is shutting down.
    55          106         0.221517         expand
   1.0e+03 *

    5.7212    0.1002

Starting parallel pool (parpool) using the 'local' profile ... connected to 24 workers.
Parallel pool using the 'local' profile is shutting down.
   1.0e+03 *

    5.7182    0.1001

Starting parallel pool (parpool) using the 'local' profile ... connected to 24 workers.
Parallel pool using the 'local' profile is shutting down.
    56          108         0.221511         expand
   1.0e+03 *

    5.7115    0.1007

Starting parallel pool (parpool) using the 'local' profile ... connected to 24 workers.
Parallel pool using the 'local' profile is shutting down.
   1.0e+03 *

    5.7236    0.1002

Starting parallel pool (parpool) using the 'local' profile ... connected to 24 workers.
Parallel pool using the 'local' profile is shutting down.
    57          110         0.221511         contract inside
   1.0e+03 *

    5.7208    0.0997

   1.0e+03 *

    5.7209    0.1004

Starting parallel pool (parpool) using the 'local' profile ... connected to 24 workers.
Parallel pool using the 'local' profile is shutting down.
    58          112         0.221511         contract inside
   1.0e+03 *

    5.7155    0.1003

Starting parallel pool (parpool) using the 'local' profile ... connected to 24 workers.
Parallel pool using the 'local' profile is shutting down.
    59          113         0.221511         reflect
   1.0e+03 *

    5.7127    0.1000

   1.0e+03 *

    5.7189    0.1003

Starting parallel pool (parpool) using the 'local' profile ... connected to 24 workers.
Parallel pool using the 'local' profile is shutting down.
    60          115         0.221511         contract inside
   1.0e+03 *

    5.7215    0.1001

Starting parallel pool (parpool) using the 'local' profile ... connected to 24 workers.
Parallel pool using the 'local' profile is shutting down.
   1.0e+03 *

    5.7170    0.1003

Starting parallel pool (parpool) using the 'local' profile ... connected to 24 workers.
Parallel pool using the 'local' profile is shutting down.
    61          117         0.221511         contract inside
   1.0e+03 *

    5.7163    0.1001

Starting parallel pool (parpool) using the 'local' profile ... connected to 24 workers.
Parallel pool using the 'local' profile is shutting down.
   1.0e+03 *

    5.7169    0.1001

Starting parallel pool (parpool) using the 'local' profile ... connected to 24 workers.
Parallel pool using the 'local' profile is shutting down.
    62          119          0.22151         contract outside
   1.0e+03 *

    5.7158    0.1003

Starting parallel pool (parpool) using the 'local' profile ... connected to 24 workers.
Parallel pool using the 'local' profile is shutting down.
   1.0e+03 *

    5.7176    0.1001

Starting parallel pool (parpool) using the 'local' profile ... connected to 24 workers.
Parallel pool using the 'local' profile is shutting down.
    63          121          0.22151         contract inside
   1.0e+03 *

    5.7175    0.1000

Starting parallel pool (parpool) using the 'local' profile ... connected to 24 workers.
Parallel pool using the 'local' profile is shutting down.
   1.0e+03 *

    5.7178    0.0999

    64          123          0.22151         reflect
   1.0e+03 *

    5.7169    0.1000

   1.0e+03 *

    5.7174    0.1001

Starting parallel pool (parpool) using the 'local' profile ... connected to 24 workers.
Parallel pool using the 'local' profile is shutting down.
    65          125          0.22151         contract inside
   1.0e+03 *

    5.7171    0.1000

Starting parallel pool (parpool) using the 'local' profile ... connected to 24 workers.
Parallel pool using the 'local' profile is shutting down.
   1.0e+03 *

    5.7169    0.1000

    66          127          0.22151         reflect
   1.0e+03 *

    5.7176    0.0999

   1.0e+03 *

    5.7171    0.1001

Starting parallel pool (parpool) using the 'local' profile ... connected to 24 workers.
Parallel pool using the 'local' profile is shutting down.
    67          129          0.22151         contract inside
   1.0e+03 *

    5.7167    0.1001

Starting parallel pool (parpool) using the 'local' profile ... connected to 24 workers.
Parallel pool using the 'local' profile is shutting down.
   1.0e+03 *

    5.7173    0.1000

Starting parallel pool (parpool) using the 'local' profile ... connected to 24 workers.
Parallel pool using the 'local' profile is shutting down.
    68          131          0.22151         contract inside
   1.0e+03 *

    5.7172    0.1000

   1.0e+03 *

    5.7171    0.1000

Starting parallel pool (parpool) using the 'local' profile ... connected to 24 workers.
Parallel pool using the 'local' profile is shutting down.
    69          133          0.22151         contract inside
   1.0e+03 *

    5.7169    0.1000

Starting parallel pool (parpool) using the 'local' profile ... connected to 24 workers.
Parallel pool using the 'local' profile is shutting down.
   1.0e+03 *

    5.7172    0.1000

Starting parallel pool (parpool) using the 'local' profile ... connected to 24 workers.
Parallel pool using the 'local' profile is shutting down.
    70          135          0.22151         contract inside
   1.0e+03 *

    5.7171    0.1000

Starting parallel pool (parpool) using the 'local' profile ... connected to 24 workers.
Parallel pool using the 'local' profile is shutting down.
   1.0e+03 *

    5.7171    0.1000

    71          137          0.22151         reflect
   1.0e+03 *

    5.7170    0.1000

   1.0e+03 *

    5.7171    0.1000

Starting parallel pool (parpool) using the 'local' profile ... connected to 24 workers.
Parallel pool using the 'local' profile is shutting down.
    72          139          0.22151         contract inside
   1.0e+03 *

    5.7172    0.1000

Starting parallel pool (parpool) using the 'local' profile ... connected to 24 workers.
Parallel pool using the 'local' profile is shutting down.
    73          140          0.22151         reflect
   1.0e+03 *

    5.7172    0.1000

   1.0e+03 *

    5.7171    0.1000

Starting parallel pool (parpool) using the 'local' profile ... connected to 24 workers.
Parallel pool using the 'local' profile is shutting down.
    74          142          0.22151         contract inside
   1.0e+03 *

    5.7172    0.1000

   1.0e+03 *

    5.7171    0.1000

Starting parallel pool (parpool) using the 'local' profile ... connected to 24 workers.
Parallel pool using the 'local' profile is shutting down.
    75          144         0.221509         contract inside
   1.0e+03 *

    5.7171    0.1000

Starting parallel pool (parpool) using the 'local' profile ... connected to 24 workers.
Parallel pool using the 'local' profile is shutting down.
   1.0e+03 *

    5.7172    0.1000

Starting parallel pool (parpool) using the 'local' profile ... connected to 24 workers.
Parallel pool using the 'local' profile is shutting down.
    76          146         0.221509         contract inside
   1.0e+03 *

    5.7172    0.1000

Starting parallel pool (parpool) using the 'local' profile ... connected to 24 workers.
Parallel pool using the 'local' profile is shutting down.
   1.0e+03 *

    5.7171    0.1000

Starting parallel pool (parpool) using the 'local' profile ... connected to 24 workers.
Parallel pool using the 'local' profile is shutting down.
    77          148         0.221509         contract inside
   1.0e+03 *

    5.7171    0.1000

Starting parallel pool (parpool) using the 'local' profile ... connected to 24 workers.
Parallel pool using the 'local' profile is shutting down.
   1.0e+03 *

    5.7171    0.1000

    78          150         0.221509         reflect
   1.0e+03 *

    5.7171    0.1000

Starting parallel pool (parpool) using the 'local' profile ... connected to 24 workers.
Parallel pool using the 'local' profile is shutting down.
   1.0e+03 *

    5.7172    0.1000

Starting parallel pool (parpool) using the 'local' profile ... connected to 24 workers.
Parallel pool using the 'local' profile is shutting down.
    79          152         0.221509         contract inside
   1.0e+03 *

    5.7171    0.1000

Starting parallel pool (parpool) using the 'local' profile ... connected to 24 workers.
Parallel pool using the 'local' profile is shutting down.
   1.0e+03 *

    5.7171    0.1000

Starting parallel pool (parpool) using the 'local' profile ... connected to 24 workers.
Parallel pool using the 'local' profile is shutting down.
    80          154         0.221509         contract outside
   1.0e+03 *

    5.7171    0.1000

Starting parallel pool (parpool) using the 'local' profile ... connected to 24 workers.
Parallel pool using the 'local' profile is shutting down.
   1.0e+03 *

    5.7172    0.1000

    81          156         0.221509         reflect
   1.0e+03 *

    5.7171    0.1000

Starting parallel pool (parpool) using the 'local' profile ... connected to 24 workers.
Parallel pool using the 'local' profile is shutting down.
    82          157         0.221509         reflect
   1.0e+03 *

    5.7171    0.1000

   1.0e+03 *

    5.7171    0.1000

Starting parallel pool (parpool) using the 'local' profile ... connected to 24 workers.
Parallel pool using the 'local' profile is shutting down.
    83          159         0.221509         contract inside
   1.0e+03 *

    5.7171    0.1000

Starting parallel pool (parpool) using the 'local' profile ... connected to 24 workers.
Parallel pool using the 'local' profile is shutting down.
   1.0e+03 *

    5.7171    0.1000

Starting parallel pool (parpool) using the 'local' profile ... connected to 24 workers.
Parallel pool using the 'local' profile is shutting down.
    84          161         0.221509         contract inside
   1.0e+03 *

    5.7171    0.1000

   1.0e+03 *

    5.7171    0.1000

Starting parallel pool (parpool) using the 'local' profile ... connected to 24 workers.
Parallel pool using the 'local' profile is shutting down.
    85          163         0.221509         contract inside
   1.0e+03 *

    5.7171    0.1000

Starting parallel pool (parpool) using the 'local' profile ... connected to 24 workers.
Parallel pool using the 'local' profile is shutting down.
   1.0e+03 *

    5.7171    0.1000

    86          165         0.221509         reflect
   1.0e+03 *

    5.7171    0.1000

Starting parallel pool (parpool) using the 'local' profile ... connected to 24 workers.
Parallel pool using the 'local' profile is shutting down.
   1.0e+03 *

    5.7171    0.1000

Starting parallel pool (parpool) using the 'local' profile ... connected to 24 workers.
Parallel pool using the 'local' profile is shutting down.
    87          167         0.221509         contract outside
   1.0e+03 *

    5.7171    0.1000

Starting parallel pool (parpool) using the 'local' profile ... connected to 24 workers.
Parallel pool using the 'local' profile is shutting down.
   1.0e+03 *

    5.7172    0.1000

    88          169         0.221509         reflect
   1.0e+03 *

    5.7171    0.1000

Starting parallel pool (parpool) using the 'local' profile ... connected to 24 workers.
Parallel pool using the 'local' profile is shutting down.
   1.0e+03 *

    5.7171    0.1000

Starting parallel pool (parpool) using the 'local' profile ... connected to 24 workers.
Parallel pool using the 'local' profile is shutting down.
    89          171         0.221509         reflect
   1.0e+03 *

    5.7171    0.1000

   1.0e+03 *

    5.7171    0.1000

Starting parallel pool (parpool) using the 'local' profile ... connected to 24 workers.
Parallel pool using the 'local' profile is shutting down.
    90          173         0.221509         contract inside
   1.0e+03 *

    5.7171    0.1000

Starting parallel pool (parpool) using the 'local' profile ... connected to 24 workers.
Parallel pool using the 'local' profile is shutting down.
   1.0e+03 *

    5.7171    0.1000

Starting parallel pool (parpool) using the 'local' profile ... connected to 24 workers.
Parallel pool using the 'local' profile is shutting down.
    91          175         0.221509         contract inside
   1.0e+03 *

    5.7171    0.1000

Starting parallel pool (parpool) using the 'local' profile ... connected to 24 workers.
Parallel pool using the 'local' profile is shutting down.
   1.0e+03 *

    5.7171    0.1000

Starting parallel pool (parpool) using the 'local' profile ... connected to 24 workers.
Parallel pool using the 'local' profile is shutting down.
    92          177         0.221509         expand
   1.0e+03 *

    5.7171    0.1000

Starting parallel pool (parpool) using the 'local' profile ... connected to 24 workers.
Parallel pool using the 'local' profile is shutting down.
   1.0e+03 *

    5.7171    0.1000

Starting parallel pool (parpool) using the 'local' profile ... connected to 24 workers.
Parallel pool using the 'local' profile is shutting down.
    93          179         0.221509         reflect
   1.0e+03 *

    5.7171    0.1000

Starting parallel pool (parpool) using the 'local' profile ... connected to 24 workers.
Parallel pool using the 'local' profile is shutting down.
   1.0e+03 *

    5.7171    0.1000

    94          181         0.221509         reflect
   1.0e+03 *

    5.7171    0.1000

Starting parallel pool (parpool) using the 'local' profile ... connected to 24 workers.
Parallel pool using the 'local' profile is shutting down.
   1.0e+03 *

    5.7171    0.1000

Starting parallel pool (parpool) using the 'local' profile ... connected to 24 workers.
Parallel pool using the 'local' profile is shutting down.
    95          183         0.221509         reflect
   1.0e+03 *

    5.7171    0.1000

   1.0e+03 *

    5.7171    0.1000

Starting parallel pool (parpool) using the 'local' profile ... connected to 24 workers.
Parallel pool using the 'local' profile is shutting down.
    96          185         0.221509         contract inside
   1.0e+03 *

    5.7171    0.1000

Starting parallel pool (parpool) using the 'local' profile ... connected to 24 workers.
Parallel pool using the 'local' profile is shutting down.
   1.0e+03 *

    5.7171    0.1000

    97          187         0.221509         reflect
   1.0e+03 *

    5.7171    0.1000

Starting parallel pool (parpool) using the 'local' profile ... connected to 24 workers.
Parallel pool using the 'local' profile is shutting down.
   1.0e+03 *

    5.7171    0.1000

Starting parallel pool (parpool) using the 'local' profile ... connected to 24 workers.
Parallel pool using the 'local' profile is shutting down.
    98          189         0.221509         contract inside
   1.0e+03 *

    5.7171    0.1000

Starting parallel pool (parpool) using the 'local' profile ... connected to 24 workers.
Parallel pool using the 'local' profile is shutting down.
    99          190         0.221509         reflect
   1.0e+03 *

    5.7171    0.1000

Starting parallel pool (parpool) using the 'local' profile ... connected to 24 workers.
Parallel pool using the 'local' profile is shutting down.
   1.0e+03 *

    5.7171    0.1000

   100          192         0.221509         reflect
   1.0e+03 *

    5.7171    0.1000

   1.0e+03 *

    5.7171    0.1000

Starting parallel pool (parpool) using the 'local' profile ... connected to 24 workers.
Parallel pool using the 'local' profile is shutting down.
   101          194         0.221509         contract inside
   1.0e+03 *

    5.7171    0.1000

Starting parallel pool (parpool) using the 'local' profile ... connected to 24 workers.
Parallel pool using the 'local' profile is shutting down.
   1.0e+03 *

    5.7171    0.1000

Starting parallel pool (parpool) using the 'local' profile ... connected to 24 workers.
Parallel pool using the 'local' profile is shutting down.
   102          196         0.221509         expand
   1.0e+03 *

    5.7171    0.1000

   1.0e+03 *

    5.7171    0.1000

Starting parallel pool (parpool) using the 'local' profile ... connected to 24 workers.
Parallel pool using the 'local' profile is shutting down.
   103          198         0.221509         contract inside
   1.0e+03 *

    5.7171    0.1000

Starting parallel pool (parpool) using the 'local' profile ... connected to 24 workers.
Parallel pool using the 'local' profile is shutting down.
   1.0e+03 *

    5.7171    0.1000

Starting parallel pool (parpool) using the 'local' profile ... connected to 24 workers.
Parallel pool using the 'local' profile is shutting down.
   104          200         0.221509         contract inside
 
Optimization terminated:
 the current x satisfies the termination criteria using OPTIONS.TolX of 1.000000e-03 
 and F(X) satisfies the convergence criteria using OPTIONS.TolFun of 1.000000e-03 


x =

   1.0e+03 *

    5.7171    0.1000


fval =

    0.2215


exitflag =

     1


output = 

    iterations: 104
     funcCount: 200
     algorithm: 'Nelder-Mead simplex direct search'
       message: 'Optimization terminated:...'

>> 
TimeCost =

   1.1476e+04

>> 