MATLAB is selecting SOFTWARE OPENGL rendering.
Unrecognized MATLAB option "nodispay".

                            < M A T L A B (R) >
                  Copyright 1984-2015 The MathWorks, Inc.
                   R2015b (8.6.0.267246) 64-bit (glnxa64)
                              August 20, 2015

 
To get started, type one of these: helpwin, helpdesk, or demo.
For product information, visit www.mathworks.com.
 
>> >> >> >> >> >> >> >> >> >> >> >> Optimizing! PLEASE WAIT>>>>>>>>>>>>>>>
>>    1.0e+03 *

    9.3925    3.6318

 
 Iteration   Func-count     min f(x)         Procedure
     0            1         0.912454         
   1.0e+03 *

   9.862132350000000   3.631760000000000

   1.0e+03 *

   9.392507000000000   3.813348000000000

     1            3         0.912454         initial simplex
   1.0e+03 *

   8.922881649999999   3.813348000000000

   1.0e+03 *

   8.453256300000001   3.904142000000000

     2            5         0.907181         expand
   1.0e+03 *

   8.453256300000000   3.722554000000000

   1.0e+03 *

   7.983630949999998   3.677156999999998

     3            7         0.886204         expand
   1.0e+03 *

   7.044380250000001   3.949538999999998

   1.0e+03 *

   5.870316875000000   4.108428499999996

     4            9          0.86812         expand
   1.0e+03 *

   5.400691524999998   3.881443499999995

   1.0e+03 *

   3.874409137499999   3.870094249999993

     5           11         0.846907         expand
   1.0e+03 *

   1.761095062500001   4.301365749999991

   1.0e+03 *

   3.316729034375000   4.145313562499992

   1.0e+03 *

   4.872363006250000   3.989261374999995

   1.0e+03 *

   5.929020043749999   3.773625624999996

     6           15          0.84552         shrink
   1.0e+03 *

   4.931066174999998   3.654458499999993

   1.0e+03 *

   4.960417759374997   3.487057062499993

     7           17         0.812648         expand
   1.0e+03 *

   7.015028665624997   3.390588437499995

     8           18         0.812648         reflect
   1.0e+03 *

   6.046426381249995   3.104019874999992

   1.0e+03 *

   6.105129549999994   2.769216999999990

     9           20         0.745262         expand
   1.0e+03 *

   4.050518643749994   2.865685624999988

   1.0e+03 *

   2.568263632812493   2.603234218749985

    10           22         0.655312         expand
   1.0e+03 *

   3.712975423437491   1.885394156249983

   1.0e+03 *

   3.089254255468737   1.084562703124979

    11           24          0.32032         expand
   1.0e+02 *

  -4.476116617187635   9.185799218749734

   1.0e+03 *

  -3.723982267578144  -0.006738617187535

    12           26         0.289283         reflect
   1.0e+02 *

   0.733789609374799  -6.000915937500331

   1.0e+03 *

  -1.174063375000027  -2.201754500000042

    13           28          0.25667         reflect
   1.0e+03 *

  -3.463486956250021  -0.766074375000038

   1.0e+03 *

   1.451068952539048   0.621903433593724

    14           30          0.25667         contract inside
   1.0e+03 *

   1.972059575195291  -0.896768082031282

   1.0e+02 *

   1.573061475097501   4.647429208984096

    15           32          0.25667         contract inside
   1.0e+03 *

  -1.220383844091818  -0.757252106445348

   1.0e+02 *

   7.832057533813313   2.771145485839563

    16           34          0.25667         contract inside
   1.0e+02 *

   6.992785668090611  -7.877199660644863

   1.0e+02 *

   2.927992523345778   1.516271991576856

    17           36          0.25667         contract inside
   1.0e+02 *

  -4.170275401092736  -7.255789431763038

    18           37          0.25667         reflect
   1.0e+03 *

  -0.636447831506372  -1.477297736084022

   1.0e+02 *

   0.604874813743405  -2.556040346527414

    19           39         0.255585         contract inside
   1.0e+02 *

   5.508939824210939  -1.301166852264706

   1.0e+02 *

  -1.750471594766817  -5.767133786888455

    20           41         0.255585         contract inside
   1.0e+02 *

  -1.879386390398211  -2.322258195915538

    21           42         0.255585         reflect
  47.596001811201077  88.883524444550346

   1.0e+02 *

  -1.193863691547110  -4.103141529054965

    22           44         0.255585         contract inside
   1.0e+02 *

   1.290397512594506  -4.336923679666842

   1.0e+02 *

  -1.086940414650032  -2.825924566853364

    23           46         0.255535         contract inside
   1.0e+02 *

   0.711798090640483  -1.278823384325812

   1.0e+02 *

  -0.717448246000212  -3.397061992872677

    24           48         0.255505         contract inside
   1.0e+02 *

  -2.409263474393649  -3.666946213198627

   1.0e+02 *

  -0.148659758290859  -2.833766813195217

    25           50         0.255417         contract inside
   1.0e+02 *

   0.220832410358961  -3.404904239214531

   1.0e+02 *

  -0.759997208397784  -2.970669484943655

    26           52         0.255417         contract inside
   1.0e+02 *

  -0.191208720688430  -2.407374305266195

   1.0e+02 *

  -0.585888364672266  -3.149640070971056

    27           54         0.255417         contract inside
   1.0e+02 *

  -0.322768602016376  -2.654796227167816

   1.0e+02 *

  -0.520108424008294  -3.025929110020246

    28           56         0.255417         contract inside
   1.0e+02 *

   0.091229026098631  -2.889026438271808

   1.0e+02 *

  -0.121577532525473  -2.909437199939770

    29           58         0.255411         contract outside
   1.0e+02 *

   0.249871133191963  -2.717274903114741

   1.0e+02 *

  -0.327613534708230  -2.948765558293870

    30           60         0.255405         contract inside
   1.0e+02 *

  -0.300531308942844  -3.024435945038423

   1.0e+02 *

  -0.262563421279847  -2.976768662077621

    31           62         0.255405         contract outside
   1.0e+02 *

  -0.468599423462605  -3.016097020431722

   1.0e+02 *

  -0.208333005259756  -2.936102155062758

    32           64         0.255405         contract inside
   1.0e+02 *

  -0.273383118688138  -2.908099051279006

   1.0e+02 *

  -0.278792967392283  -2.873764245879698

    33           66         0.255404         reflect
   1.0e+02 *

  -0.392663648136612  -2.920762454510119

   1.0e+02 *

  -0.346580987417398  -2.924597379648278

    34           68         0.255404         contract outside
   1.0e+02 *

  -0.292350571397306  -2.883930872633414

   1.0e+02 *

  -0.318797793880499  -2.932556886878756

    35           70         0.255404         contract inside
   1.0e+02 *

  -0.301166312225037  -2.900139544048528

    36           71         0.255404         reflect
   1.0e+02 *

  -0.227968443495777  -2.883641215679256

   1.0e+02 *

  -0.316927851436993  -2.914358338656023

    37           73         0.255404         contract inside
   1.0e+02 *

  -0.289144657900094  -2.922317845886500

   1.0e+02 *

  -0.298160898643801  -2.905684119508021

    38           75         0.255404         contract inside
   1.0e+02 *

  -0.341705631392656  -2.911943406885038

   1.0e+02 *

  -0.324625003216526  -2.910982317983530

    39           77         0.255404         contract outside
   1.0e+02 *

  -0.305858050423335  -2.902308098835529

   1.0e+02 *

  -0.314160401183578  -2.911345778700899

    40           79         0.255404         contract inside
   1.0e+02 *

  -0.287696296610853  -2.906047580225391

    41           80         0.255404         reflect
   1.0e+02 *

  -0.271696794071076  -2.900385921032512

   1.0e+02 *

  -0.303544499405453  -2.908605814283802

    42           82         0.255404         contract inside
   1.0e+02 *

  -0.314009101438401  -2.908242353566432

    43           83         0.255404         reflect
   1.0e+02 *

  -0.319392702200052  -2.911164048342214

   1.0e+02 *

  -0.303468849532864  -2.907054101716569

    44           85         0.255404         contract inside
   1.0e+02 *

  -0.293004247499916  -2.907417562433939

   1.0e+02 *

  -0.308757887953780  -2.908036155783309

    45           87         0.255404         contract inside
   1.0e+02 *

  -0.308682238081191  -2.906484443216076

   1.0e+02 *

  -0.304828934074387  -2.908075471516871

   1.0e+02 *

  -0.306113368743322  -2.907545128749939

   1.0e+02 *

  -0.303506674469158  -2.907829958000186

    46           91         0.255404         shrink
   1.0e+02 *

  -0.300862155258700  -2.907338930966816

   1.0e+02 *

  -0.304800565372166  -2.907493579304159

    47           93         0.255404         contract inside
   1.0e+02 *

  -0.302174958629856  -2.907390480412597

    48           94         0.255404         reflect
   1.0e+02 *

  -0.302137133693561  -2.906614624128981

   1.0e+02 *

  -0.301452363305763  -2.906006957193378

    49           96         0.255404         reflect
   1.0e+02 *

  -0.303431024596570  -2.906278245432953

   1.0e+02 *

  -0.303117008104891  -2.906556304177864

