MATLAB is selecting SOFTWARE OPENGL rendering.
Unrecognized MATLAB option "nodispay".

                            < M A T L A B (R) >
                  Copyright 1984-2015 The MathWorks, Inc.
                   R2015b (8.6.0.267246) 64-bit (glnxa64)
                              August 20, 2015

 
To get started, type one of these: helpwin, helpdesk, or demo.
For product information, visit www.mathworks.com.
 
>> >> >> >> >> >> >> >> >> >> >> >> Optimizing! PLEASE WAIT>>>>>>>>>>>>>>>
>>         5000        4000

Starting parallel pool (parpool) using the 'local' profile ... connected to 24 workers.
Parallel pool using the 'local' profile is shutting down.
 
 Iteration   Func-count     min f(x)         Procedure
     0            1         0.858658         
        5250        4000

Starting parallel pool (parpool) using the 'local' profile ... connected to 24 workers.
Parallel pool using the 'local' profile is shutting down.
        5000        4200

Starting parallel pool (parpool) using the 'local' profile ... connected to 24 workers.
Parallel pool using the 'local' profile is shutting down.
     1            3         0.858658         initial simplex
        5250        3800

Starting parallel pool (parpool) using the 'local' profile ... connected to 24 workers.
Parallel pool using the 'local' profile is shutting down.
        5375        3600

Starting parallel pool (parpool) using the 'local' profile ... connected to 24 workers.
Parallel pool using the 'local' profile is shutting down.
     2            5         0.826422         expand
        5125        3600

Starting parallel pool (parpool) using the 'local' profile ... connected to 24 workers.
Parallel pool using the 'local' profile is shutting down.
   1.0e+03 *

    5.0625    3.4000

Starting parallel pool (parpool) using the 'local' profile ... connected to 24 workers.
Parallel pool using the 'local' profile is shutting down.
     3            7         0.804099         expand
   1.0e+03 *

    5.4375    3.0000

Starting parallel pool (parpool) using the 'local' profile ... connected to 24 workers.
Parallel pool using the 'local' profile is shutting down.
   1.0e+03 *

    5.6562    2.5000

Starting parallel pool (parpool) using the 'local' profile ... connected to 24 workers.
Parallel pool using the 'local' profile is shutting down.
     4            9         0.690078         expand
   1.0e+03 *

    5.3438    2.3000

Starting parallel pool (parpool) using the 'local' profile ... connected to 24 workers.
Parallel pool using the 'local' profile is shutting down.
   1.0e+03 *

    5.3281    1.6500

Starting parallel pool (parpool) using the 'local' profile ... connected to 24 workers.
Parallel pool using the 'local' profile is shutting down.
     5           11         0.499914         expand
   1.0e+03 *

    5.9219    0.7500

Starting parallel pool (parpool) using the 'local' profile ... connected to 24 workers.
Parallel pool using the 'local' profile is shutting down.
[Warning: The cluster reported an error while deleting an unavailable job.  This
job may already have been deleted.] 
[> In parallel.internal.cluster.CJSJobMethods.destroyOneJob (line 76)
  In parallel.job.CJSCommunicatingJob/destroyOneJob (line 94)
  In parallel.Job/delete (line 1062)
  In parallel.Cluster/hDeleteOneJob (line 847)
  In parallel.internal.pool.InteractiveClient>iDeleteJobs (line 848)
  In parallel.internal.pool.InteractiveClient/pStopLabsAndDisconnect (line 583)
  In parallel.internal.pool.InteractiveClient/stopLabsAndDisconnect (line 434)
  In parallel.Pool/delete (line 61)
  In ObjFunc (line 65)
  In fminsearch (line 308)] 
   1.0e+03 *

    6.3516   -0.5750

     6           13         0.311069         reflect
   1.0e+03 *

    5.5938   -0.1000

   1.0e+03 *

    5.6406    1.8500

Starting parallel pool (parpool) using the 'local' profile ... connected to 24 workers.
Parallel pool using the 'local' profile is shutting down.
     7           15         0.311069         contract inside
   1.0e+03 *

    5.6094    0.5500

Starting parallel pool (parpool) using the 'local' profile ... connected to 24 workers.
Parallel pool using the 'local' profile is shutting down.
   1.0e+03 *

    5.5938   -0.1000

     8           17          0.25901         reflect
   1.0e+03 *

    6.2031   -0.3500

   1.0e+03 *

    5.5469    1.1500

Starting parallel pool (parpool) using the 'local' profile ... connected to 24 workers.
Parallel pool using the 'local' profile is shutting down.
     9           19          0.25901         contract inside
   1.0e+03 *

    5.9844    0.1500

Starting parallel pool (parpool) using the 'local' profile ... connected to 24 workers.
Parallel pool using the 'local' profile is shutting down.
   1.0e+03 *

    6.2031   -0.3500

    10           21         0.224819         reflect
   1.0e+03 *

    5.6719   -0.0500

   1.0e+03 *

    5.8594    0.5500

Starting parallel pool (parpool) using the 'local' profile ... connected to 24 workers.
Parallel pool using the 'local' profile is shutting down.
    11           23         0.224819         contract inside
   1.0e+03 *

    5.7344    0.1500

Starting parallel pool (parpool) using the 'local' profile ... connected to 24 workers.
Parallel pool using the 'local' profile is shutting down.
   1.0e+03 *

    5.6719   -0.0500

    12           25         0.222415         reflect
   1.0e+03 *

    6.1094   -0.2500

   1.0e+03 *

    5.7344    0.3500

Starting parallel pool (parpool) using the 'local' profile ... connected to 24 workers.
Parallel pool using the 'local' profile is shutting down.
    13           27         0.222415         contract inside
   1.0e+03 *

    5.9844   -0.0500

   1.0e+03 *

    5.7969    0.2500

Starting parallel pool (parpool) using the 'local' profile ... connected to 24 workers.
Parallel pool using the 'local' profile is shutting down.
    14           29         0.222415         contract inside
   1.0e+03 *

    5.9219    0.0500

   1.0e+03 *

    5.8281    0.2000

Starting parallel pool (parpool) using the 'local' profile ... connected to 24 workers.
Parallel pool using the 'local' profile is shutting down.
    15           31         0.222415         contract inside
   1.0e+03 *

    5.5781    0.2000

Starting parallel pool (parpool) using the 'local' profile ... connected to 24 workers.
Parallel pool using the 'local' profile is shutting down.
    16           32         0.222415         reflect
   1.0e+03 *

    5.4844    0.1500

Starting parallel pool (parpool) using the 'local' profile ... connected to 24 workers.
Parallel pool using the 'local' profile is shutting down.
   1.0e+03 *

    5.5703    0.1625

Starting parallel pool (parpool) using the 'local' profile ... connected to 24 workers.
Parallel pool using the 'local' profile is shutting down.
    17           34         0.222415         contract outside
   1.0e+03 *

    5.7266    0.1125

Starting parallel pool (parpool) using the 'local' profile ... connected to 24 workers.
Parallel pool using the 'local' profile is shutting down.
   1.0e+03 *

    5.8008    0.0688

    18           36         0.221659         reflect
   1.0e+03 *

    5.8906    0.1000

Starting parallel pool (parpool) using the 'local' profile ... connected to 24 workers.
Parallel pool using the 'local' profile is shutting down.
    19           37         0.221659         reflect
   1.0e+03 *

    5.8828    0.0625

   1.0e+03 *

    5.7715    0.1281

Starting parallel pool (parpool) using the 'local' profile ... connected to 24 workers.
Parallel pool using the 'local' profile is shutting down.
    20           39         0.221659         contract inside
   1.0e+03 *

    5.6074    0.1406

Starting parallel pool (parpool) using the 'local' profile ... connected to 24 workers.
Parallel pool using the 'local' profile is shutting down.
   1.0e+03 *

    5.6782    0.1305

Starting parallel pool (parpool) using the 'local' profile ... connected to 24 workers.
Parallel pool using the 'local' profile is shutting down.
    21           41         0.221659         contract outside
   1.0e+03 *

    5.6333    0.1148

Starting parallel pool (parpool) using the 'local' profile ... connected to 24 workers.
Parallel pool using the 'local' profile is shutting down.
   1.0e+03 *

    5.6678    0.1182

Starting parallel pool (parpool) using the 'local' profile ... connected to 24 workers.
Parallel pool using the 'local' profile is shutting down.
    22           43         0.221659         contract outside
   1.0e+03 *

    5.7162    0.1002

Starting parallel pool (parpool) using the 'local' profile ... connected to 24 workers.
Parallel pool using the 'local' profile is shutting down.
   1.0e+03 *

    5.7352    0.0851

    23           45         0.221512         reflect
   1.0e+03 *

    5.7749    0.0945

   1.0e+03 *

    5.6946    0.1123

Starting parallel pool (parpool) using the 'local' profile ... connected to 24 workers.
Parallel pool using the 'local' profile is shutting down.
    24           47         0.221512         contract inside
   1.0e+03 *

    5.6842    0.1000

   1.0e+03 *

    5.7160    0.1094

Starting parallel pool (parpool) using the 'local' profile ... connected to 24 workers.
Parallel pool using the 'local' profile is shutting down.
    25           49         0.221512         contract inside
   1.0e+03 *

    5.7376    0.0973

   1.0e+03 *

    5.7053    0.1085

Starting parallel pool (parpool) using the 'local' profile ... connected to 24 workers.
Parallel pool using the 'local' profile is shutting down.
    26           51         0.221512         contract inside
   1.0e+03 *

    5.7056    0.0993

   1.0e+03 *

    5.7134    0.1069

Starting parallel pool (parpool) using the 'local' profile ... connected to 24 workers.
Parallel pool using the 'local' profile is shutting down.
    27           53         0.221512         contract inside
   1.0e+03 *

    5.7242    0.0985

   1.0e+03 *

    5.7101    0.1060

Starting parallel pool (parpool) using the 'local' profile ... connected to 24 workers.
Parallel pool using the 'local' profile is shutting down.
    28           55         0.221512         contract inside
   1.0e+03 *

    5.7129    0.0994

   1.0e+03 *

    5.7132    0.1050

Starting parallel pool (parpool) using the 'local' profile ... connected to 24 workers.
Parallel pool using the 'local' profile is shutting down.
    29           57         0.221512         contract inside
   1.0e+03 *

    5.7194    0.0992

   1.0e+03 *

    5.7124    0.1043

Starting parallel pool (parpool) using the 'local' profile ... connected to 24 workers.
Parallel pool using the 'local' profile is shutting down.
    30           59         0.221512         contract inside
   1.0e+03 *

    5.7153    0.0995

   1.0e+03 *

    5.7138    0.1036

Starting parallel pool (parpool) using the 'local' profile ... connected to 24 workers.
Parallel pool using the 'local' profile is shutting down.
    31           61         0.221512         contract inside
   1.0e+03 *

    5.7176    0.0995

   1.0e+03 *

    5.7137    0.1031

Starting parallel pool (parpool) using the 'local' profile ... connected to 24 workers.
Parallel pool using the 'local' profile is shutting down.
    32           63         0.221512         contract inside
   1.0e+03 *

    5.7161    0.0997

   1.0e+03 *

    5.7144    0.1026

Starting parallel pool (parpool) using the 'local' profile ... connected to 24 workers.
Parallel pool using the 'local' profile is shutting down.
    33           65         0.221512         contract inside
   1.0e+03 *

    5.7169    0.0997

   1.0e+03 *

    5.7145    0.1023

Starting parallel pool (parpool) using the 'local' profile ... connected to 24 workers.
Parallel pool using the 'local' profile is shutting down.
    34           67         0.221512         contract inside
   1.0e+03 *

    5.7163    0.0998

   1.0e+03 *

    5.7148    0.1019

Starting parallel pool (parpool) using the 'local' profile ... connected to 24 workers.
Parallel pool using the 'local' profile is shutting down.
    35           69         0.221512         contract inside
   1.0e+03 *

    5.7166    0.0999

   1.0e+03 *

    5.7150    0.1017

Starting parallel pool (parpool) using the 'local' profile ... connected to 24 workers.
Parallel pool using the 'local' profile is shutting down.
    36           71         0.221512         contract inside
   1.0e+03 *

    5.7163    0.0999

   1.0e+03 *

    5.7152    0.1014

Starting parallel pool (parpool) using the 'local' profile ... connected to 24 workers.
Parallel pool using the 'local' profile is shutting down.
    37           73         0.221512         contract inside
   1.0e+03 *

    5.7164    0.1000

   1.0e+03 *

    5.7153    0.1012

Starting parallel pool (parpool) using the 'local' profile ... connected to 24 workers.
Parallel pool using the 'local' profile is shutting down.
    38           75         0.221512         contract inside
   1.0e+03 *

    5.7163    0.1000

Starting parallel pool (parpool) using the 'local' profile ... connected to 24 workers.
Parallel pool using the 'local' profile is shutting down.
   1.0e+03 *

    5.7169    0.0993

    39           77         0.221511         reflect
   1.0e+03 *

    5.7172    0.0990

   1.0e+03 *

    5.7158    0.1007

Starting parallel pool (parpool) using the 'local' profile ... connected to 24 workers.
Parallel pool using the 'local' profile is shutting down.
    40           79         0.221511         contract inside
   1.0e+03 *

    5.7167    0.0995

   1.0e+03 *

    5.7160    0.1004

Starting parallel pool (parpool) using the 'local' profile ... connected to 24 workers.
Parallel pool using the 'local' profile is shutting down.
    41           81         0.221511         contract inside
   1.0e+03 *

    5.7165    0.0998

   1.0e+03 *

    5.7161    0.1002

Starting parallel pool (parpool) using the 'local' profile ... connected to 24 workers.
Parallel pool using the 'local' profile is shutting down.
    42           83         0.221511         contract inside
   1.0e+03 *

    5.7164    0.1000

   1.0e+03 *

    5.7162    0.1002

Starting parallel pool (parpool) using the 'local' profile ... connected to 24 workers.
Parallel pool using the 'local' profile is shutting down.
    43           85         0.221511         contract inside
   1.0e+03 *

    5.7163    0.1000

   1.0e+03 *

    5.7162    0.1001

Starting parallel pool (parpool) using the 'local' profile ... connected to 24 workers.
Parallel pool using the 'local' profile is shutting down.
    44           87         0.221511         contract inside
   1.0e+03 *

    5.7163    0.1000

   1.0e+03 *

    5.7162    0.1001

Starting parallel pool (parpool) using the 'local' profile ... connected to 24 workers.
Parallel pool using the 'local' profile is shutting down.
    45           89         0.221511         contract inside
   1.0e+03 *

    5.7163    0.1000

   1.0e+03 *

    5.7162    0.1001

Starting parallel pool (parpool) using the 'local' profile ... connected to 24 workers.
Parallel pool using the 'local' profile is shutting down.
    46           91         0.221511         contract inside
   1.0e+03 *

    5.7163    0.1000

   1.0e+03 *

    5.7163    0.1001

Starting parallel pool (parpool) using the 'local' profile ... connected to 24 workers.
Parallel pool using the 'local' profile is shutting down.
    47           93         0.221511         contract inside
   1.0e+03 *

    5.7163    0.1000

   1.0e+03 *

    5.7163    0.1001

Starting parallel pool (parpool) using the 'local' profile ... connected to 24 workers.
Parallel pool using the 'local' profile is shutting down.
    48           95         0.221511         contract inside
   1.0e+03 *

    5.7163    0.1000

   1.0e+03 *

    5.7163    0.1001

Starting parallel pool (parpool) using the 'local' profile ... connected to 24 workers.
Parallel pool using the 'local' profile is shutting down.
    49           97         0.221511         contract inside
   1.0e+03 *

    5.7163    0.1000

   1.0e+03 *

    5.7163    0.1001

Starting parallel pool (parpool) using the 'local' profile ... connected to 24 workers.
Parallel pool using the 'local' profile is shutting down.
    50           99         0.221511         contract inside
   1.0e+03 *

    5.7163    0.1000

   1.0e+03 *

    5.7163    0.1000

Starting parallel pool (parpool) using the 'local' profile ... connected to 24 workers.
Parallel pool using the 'local' profile is shutting down.
    51          101         0.221511         contract inside
   1.0e+03 *

    5.7163    0.1000

   1.0e+03 *

    5.7163    0.1000

Starting parallel pool (parpool) using the 'local' profile ... connected to 24 workers.
Parallel pool using the 'local' profile is shutting down.
    52          103         0.221511         contract inside
   1.0e+03 *

    5.7163    0.1000

   1.0e+03 *

    5.7163    0.1000

Starting parallel pool (parpool) using the 'local' profile ... connected to 24 workers.
Parallel pool using the 'local' profile is shutting down.
    53          105         0.221511         contract inside
   1.0e+03 *

    5.7163    0.1000

   1.0e+03 *

    5.7163    0.1000

Starting parallel pool (parpool) using the 'local' profile ... connected to 24 workers.
Parallel pool using the 'local' profile is shutting down.
    54          107         0.221511         contract inside
   1.0e+03 *

    5.7163    0.1000

   1.0e+03 *

    5.7163    0.1000

Starting parallel pool (parpool) using the 'local' profile ... connected to 24 workers.
Parallel pool using the 'local' profile is shutting down.
    55          109         0.221511         contract inside
   1.0e+03 *

    5.7163    0.1000

   1.0e+03 *

    5.7163    0.1000

Starting parallel pool (parpool) using the 'local' profile ... connected to 24 workers.
Parallel pool using the 'local' profile is shutting down.
    56          111         0.221511         contract inside
   1.0e+03 *

    5.7163    0.1000

   1.0e+03 *

    5.7163    0.1000

Starting parallel pool (parpool) using the 'local' profile ... connected to 24 workers.
Parallel pool using the 'local' profile is shutting down.
    57          113         0.221511         contract inside
   1.0e+03 *

    5.7163    0.1000

   1.0e+03 *

    5.7163    0.1000

Starting parallel pool (parpool) using the 'local' profile ... connected to 24 workers.
Parallel pool using the 'local' profile is shutting down.
    58          115         0.221511         contract inside
   1.0e+03 *

    5.7163    0.1000

Starting parallel pool (parpool) using the 'local' profile ... connected to 24 workers.
Parallel pool using the 'local' profile is shutting down.
   1.0e+03 *

    5.7163    0.1000

    59          117         0.221511         reflect
   1.0e+03 *

    5.7163    0.1000

   1.0e+03 *

    5.7163    0.1000

Starting parallel pool (parpool) using the 'local' profile ... connected to 24 workers.
Parallel pool using the 'local' profile is shutting down.
    60          119         0.221511         contract inside
   1.0e+03 *

    5.7163    0.1000

   1.0e+03 *

    5.7163    0.1000

Starting parallel pool (parpool) using the 'local' profile ... connected to 24 workers.
Parallel pool using the 'local' profile is shutting down.
    61          121         0.221511         contract inside
   1.0e+03 *

    5.7163    0.1000

   1.0e+03 *

    5.7163    0.1000

Starting parallel pool (parpool) using the 'local' profile ... connected to 24 workers.
Parallel pool using the 'local' profile is shutting down.
    62          123         0.221511         contract inside
   1.0e+03 *

    5.7163    0.1000

   1.0e+03 *

    5.7163    0.1000

Starting parallel pool (parpool) using the 'local' profile ... connected to 24 workers.
Parallel pool using the 'local' profile is shutting down.
    63          125         0.221511         contract inside
   1.0e+03 *

    5.7163    0.1000

Starting parallel pool (parpool) using the 'local' profile ... connected to 24 workers.
Parallel pool using the 'local' profile is shutting down.
   1.0e+03 *

    5.7163    0.1000

    64          127         0.221511         reflect
   1.0e+03 *

    5.7163    0.1000

   1.0e+03 *

    5.7163    0.1000

Starting parallel pool (parpool) using the 'local' profile ... connected to 24 workers.
Parallel pool using the 'local' profile is shutting down.
    65          129         0.221511         contract inside
   1.0e+03 *

    5.7163    0.1000

   1.0e+03 *

    5.7163    0.1000

Starting parallel pool (parpool) using the 'local' profile ... connected to 24 workers.
Parallel pool using the 'local' profile is shutting down.
    66          131         0.221511         contract inside
 
Optimization terminated:
 the current x satisfies the termination criteria using OPTIONS.TolX of 1.000000e-03 
 and F(X) satisfies the convergence criteria using OPTIONS.TolFun of 1.000000e-03 


x =

   1.0e+03 *

    5.7163    0.1000


fval =

    0.2215


exitflag =

     1


output = 

    iterations: 66
     funcCount: 131
     algorithm: 'Nelder-Mead simplex direct search'
       message: 'Optimization terminated:...'

>> 
TimeCost =

   2.8020e+04

>> 